--------------------------------------------------------------------------------
Release 14.7 Trace  (nt)
Copyright (c) 1995-2013 Xilinx, Inc.  All rights reserved.

C:\Users\Stache\Documents\Xilinx\14.7\ISE_DS\ISE\bin\nt\unwrapped\trce.exe
-intstyle ise -v 3 -s 3 -n 3 -fastpaths -xml text_screen_top.twx
text_screen_top.ncd -o text_screen_top.twr text_screen_top.pcf -ucf
Nexys3_master.ucf

Design file:              text_screen_top.ncd
Physical constraint file: text_screen_top.pcf
Device,package,speed:     xc6slx16,csg324,C,-3 (PRODUCTION 1.23 2013-10-13)
Report level:             verbose report

Environment Variable      Effect 
--------------------      ------ 
NONE                      No environment variables were set
--------------------------------------------------------------------------------

INFO:Timing:3412 - To improve timing, see the Timing Closure User Guide (UG612).
INFO:Timing:2752 - To get complete path coverage, use the unconstrained paths 
   option. All paths that are not constrained will be reported in the 
   unconstrained paths section(s) of the report.
INFO:Timing:3339 - The clock-to-out numbers in this timing report are based on 
   a 50 Ohm transmission line loading model.  For the details of this model, 
   and for more information on accounting for different loading conditions, 
   please see the device datasheet.

================================================================================
Timing constraint: TS_sys_clk_pin = PERIOD TIMEGRP "sys_clk_pin" 100 MHz HIGH 
50%;
For more information, see Period Analysis in the Timing Closure User Guide (UG612).

 1 path analyzed, 1 endpoint analyzed, 0 failing endpoints
 0 timing errors detected. (0 setup errors, 0 hold errors, 0 component switching limit errors)
 Minimum period is   1.730ns.
--------------------------------------------------------------------------------

Paths for end point master_clk (SLICE_X18Y33.A6), 1 path
--------------------------------------------------------------------------------
Slack (setup path):     9.106ns (requirement - (data path - clock path skew + uncertainty))
  Source:               master_clk (FF)
  Destination:          master_clk (FF)
  Requirement:          10.000ns
  Data Path Delay:      0.859ns (Levels of Logic = 1)
  Clock Path Skew:      0.000ns
  Source Clock:         clk_BUFGP rising at 0.000ns
  Destination Clock:    clk_BUFGP rising at 10.000ns
  Clock Uncertainty:    0.035ns

  Clock Uncertainty:          0.035ns  ((TSJ^2 + TIJ^2)^1/2 + DJ) / 2 + PE
    Total System Jitter (TSJ):  0.070ns
    Total Input Jitter (TIJ):   0.000ns
    Discrete Jitter (DJ):       0.000ns
    Phase Error (PE):           0.000ns

  Maximum Data Path at Slow Process Corner: master_clk to master_clk
    Location             Delay type         Delay(ns)  Physical Resource
                                                       Logical Resource(s)
    -------------------------------------------------  -------------------
    SLICE_X18Y33.AQ      Tcko                  0.447   master_clk
                                                       master_clk
    SLICE_X18Y33.A6      net (fanout=2)        0.123   master_clk
    SLICE_X18Y33.CLK     Tas                   0.289   master_clk
                                                       Mcount_master_clk_xor<0>11_INV_0
                                                       master_clk
    -------------------------------------------------  ---------------------------
    Total                                      0.859ns (0.736ns logic, 0.123ns route)
                                                       (85.7% logic, 14.3% route)

--------------------------------------------------------------------------------

Hold Paths: TS_sys_clk_pin = PERIOD TIMEGRP "sys_clk_pin" 100 MHz HIGH 50%;
--------------------------------------------------------------------------------

Paths for end point master_clk (SLICE_X18Y33.A6), 1 path
--------------------------------------------------------------------------------
Slack (hold path):      0.452ns (requirement - (clock path skew + uncertainty - data path))
  Source:               master_clk (FF)
  Destination:          master_clk (FF)
  Requirement:          0.000ns
  Data Path Delay:      0.452ns (Levels of Logic = 1)
  Clock Path Skew:      0.000ns
  Source Clock:         clk_BUFGP rising at 10.000ns
  Destination Clock:    clk_BUFGP rising at 10.000ns
  Clock Uncertainty:    0.000ns

  Minimum Data Path at Fast Process Corner: master_clk to master_clk
    Location             Delay type         Delay(ns)  Physical Resource
                                                       Logical Resource(s)
    -------------------------------------------------  -------------------
    SLICE_X18Y33.AQ      Tcko                  0.234   master_clk
                                                       master_clk
    SLICE_X18Y33.A6      net (fanout=2)        0.021   master_clk
    SLICE_X18Y33.CLK     Tah         (-Th)    -0.197   master_clk
                                                       Mcount_master_clk_xor<0>11_INV_0
                                                       master_clk
    -------------------------------------------------  ---------------------------
    Total                                      0.452ns (0.431ns logic, 0.021ns route)
                                                       (95.4% logic, 4.6% route)

--------------------------------------------------------------------------------

Component Switching Limit Checks: TS_sys_clk_pin = PERIOD TIMEGRP "sys_clk_pin" 100 MHz HIGH 50%;
--------------------------------------------------------------------------------
Slack: 8.270ns (period - min period limit)
  Period: 10.000ns
  Min period limit: 1.730ns (578.035MHz) (Tbcper_I)
  Physical resource: clk_BUFGP/BUFG/I0
  Logical resource: clk_BUFGP/BUFG/I0
  Location pin: BUFGMUX_X3Y13.I0
  Clock network: clk_BUFGP/IBUFG
--------------------------------------------------------------------------------
Slack: 8.361ns (period - min period limit)
  Period: 10.000ns
  Min period limit: 1.639ns (610.128MHz) (Tockper)
  Physical resource: rgb_reg<1>/CLK0
  Logical resource: rgb_reg_1/CK0
  Location pin: OLOGIC_X5Y0.CLK0
  Clock network: clk_BUFGP
--------------------------------------------------------------------------------
Slack: 9.595ns (period - min period limit)
  Period: 10.000ns
  Min period limit: 0.405ns (2469.136MHz) (Tcp)
  Physical resource: master_clk/CLK
  Logical resource: master_clk/CK
  Location pin: SLICE_X18Y33.CLK
  Clock network: clk_BUFGP
--------------------------------------------------------------------------------


All constraints were met.


Data Sheet report:
-----------------
All values displayed in nanoseconds (ns)

Clock to Setup on destination clock clk
---------------+---------+---------+---------+---------+
               | Src:Rise| Src:Fall| Src:Rise| Src:Fall|
Source Clock   |Dest:Rise|Dest:Rise|Dest:Fall|Dest:Fall|
---------------+---------+---------+---------+---------+
clk            |    0.894|         |         |         |
---------------+---------+---------+---------+---------+


Timing summary:
---------------

Timing errors: 0  Score: 0  (Setup/Max: 0, Hold: 0)

Constraints cover 1 paths, 0 nets, and 3 connections

Design statistics:
   Minimum period:   1.730ns{1}   (Maximum frequency: 578.035MHz)


------------------------------------Footnotes-----------------------------------
1)  The minimum period statistic assumes all single cycle delays.

Analysis completed Wed Nov 02 17:13:53 2016 
--------------------------------------------------------------------------------

Trace Settings:
-------------------------
Trace Settings 

Peak Memory Usage: 185 MB



