Release 14.7 - xst P.20131013 (nt)
Copyright (c) 1995-2013 Xilinx, Inc.  All rights reserved.
--> Parameter TMPDIR set to xst/projnav.tmp


Total REAL time to Xst completion: 1.00 secs
Total CPU time to Xst completion: 0.20 secs
 
--> Parameter xsthdpdir set to xst


Total REAL time to Xst completion: 1.00 secs
Total CPU time to Xst completion: 0.20 secs
 
--> Reading design: univ_bin_counter.prj

TABLE OF CONTENTS
  1) Synthesis Options Summary
  2) HDL Parsing
  3) HDL Elaboration
  4) HDL Synthesis
       4.1) HDL Synthesis Report
  5) Advanced HDL Synthesis
       5.1) Advanced HDL Synthesis Report
  6) Low Level Synthesis
  7) Partition Report
  8) Design Summary
       8.1) Primitive and Black Box Usage
       8.2) Device utilization summary
       8.3) Partition Resource Summary
       8.4) Timing Report
            8.4.1) Clock Information
            8.4.2) Asynchronous Control Signals Information
            8.4.3) Timing Summary
            8.4.4) Timing Details
            8.4.5) Cross Clock Domains Report


=========================================================================
*                      Synthesis Options Summary                        *
=========================================================================
---- Source Parameters
Input File Name                    : "univ_bin_counter.prj"
Ignore Synthesis Constraint File   : NO

---- Target Parameters
Output File Name                   : "univ_bin_counter"
Output Format                      : NGC
Target Device                      : xc6slx16-3-csg324

---- Source Options
Top Module Name                    : univ_bin_counter
Automatic FSM Extraction           : YES
FSM Encoding Algorithm             : Auto
Safe Implementation                : No
FSM Style                          : LUT
RAM Extraction                     : Yes
RAM Style                          : Auto
ROM Extraction                     : Yes
Shift Register Extraction          : YES
ROM Style                          : Auto
Resource Sharing                   : YES
Asynchronous To Synchronous        : NO
Shift Register Minimum Size        : 2
Use DSP Block                      : Auto
Automatic Register Balancing       : No

---- Target Options
LUT Combining                      : Auto
Reduce Control Sets                : Auto
Add IO Buffers                     : YES
Global Maximum Fanout              : 100000
Add Generic Clock Buffer(BUFG)     : 16
Register Duplication               : YES
Optimize Instantiated Primitives   : NO
Use Clock Enable                   : Auto
Use Synchronous Set                : Auto
Use Synchronous Reset              : Auto
Pack IO Registers into IOBs        : Auto
Equivalent register Removal        : YES

---- General Options
Optimization Goal                  : Speed
Optimization Effort                : 1
Power Reduction                    : NO
Keep Hierarchy                     : No
Netlist Hierarchy                  : As_Optimized
RTL Output                         : Yes
Global Optimization                : AllClockNets
Read Cores                         : YES
Write Timing Constraints           : NO
Cross Clock Analysis               : NO
Hierarchy Separator                : /
Bus Delimiter                      : <>
Case Specifier                     : Maintain
Slice Utilization Ratio            : 100
BRAM Utilization Ratio             : 100
DSP48 Utilization Ratio            : 100
Auto BRAM Packing                  : NO
Slice Utilization Ratio Delta      : 5

=========================================================================


=========================================================================
*                          HDL Parsing                                  *
=========================================================================
Analyzing Verilog file "C:\Users\Stache\Documents\Xilinx Projects\learning\chapter4\bin_counter\list_ch04_10_univ_bin_counter.v" into library work
Parsing module <univ_bin_counter>.

=========================================================================
*                            HDL Elaboration                            *
=========================================================================

Elaborating module <univ_bin_counter>.
WARNING:HDLCompiler:413 - "C:\Users\Stache\Documents\Xilinx Projects\learning\chapter4\bin_counter\list_ch04_10_univ_bin_counter.v" Line 30: Result of 9-bit expression is truncated to fit in 8-bit target.
WARNING:HDLCompiler:413 - "C:\Users\Stache\Documents\Xilinx Projects\learning\chapter4\bin_counter\list_ch04_10_univ_bin_counter.v" Line 32: Result of 32-bit expression is truncated to fit in 8-bit target.

=========================================================================
*                           HDL Synthesis                               *
=========================================================================

Synthesizing Unit <univ_bin_counter>.
    Related source file is "C:\Users\Stache\Documents\Xilinx Projects\learning\chapter4\bin_counter\list_ch04_10_univ_bin_counter.v".
        N = 8
    Found 8-bit register for signal <q>.
    Found 8-bit adder for signal <r_reg[7]_GND_1_o_add_1_OUT> created at line 30.
    Found 8-bit subtractor for signal <GND_1_o_GND_1_o_sub_3_OUT<7:0>> created at line 32.
    Summary:
	inferred   1 Adder/Subtractor(s).
	inferred   8 D-type flip-flop(s).
	inferred   2 Multiplexer(s).
Unit <univ_bin_counter> synthesized.

=========================================================================
HDL Synthesis Report

Macro Statistics
# Adders/Subtractors                                   : 1
 8-bit addsub                                          : 1
# Registers                                            : 1
 8-bit register                                        : 1
# Multiplexers                                         : 2
 8-bit 2-to-1 multiplexer                              : 2

=========================================================================

=========================================================================
*                       Advanced HDL Synthesis                          *
=========================================================================


=========================================================================
Advanced HDL Synthesis Report

Macro Statistics
# Adders/Subtractors                                   : 1
 8-bit addsub                                          : 1
# Registers                                            : 8
 Flip-Flops                                            : 8
# Multiplexers                                         : 2
 8-bit 2-to-1 multiplexer                              : 2

=========================================================================

=========================================================================
*                         Low Level Synthesis                           *
=========================================================================

Optimizing unit <univ_bin_counter> ...

Mapping all equations...
Building and optimizing final netlist ...
Found area constraint ratio of 100 (+ 5) on block univ_bin_counter, actual ratio is 0.

Final Macro Processing ...

=========================================================================
Final Register Report

Macro Statistics
# Registers                                            : 8
 Flip-Flops                                            : 8

=========================================================================

=========================================================================
*                           Partition Report                            *
=========================================================================

Partition Implementation Status
-------------------------------

  No Partitions were found in this design.

-------------------------------

=========================================================================
*                            Design Summary                             *
=========================================================================

Top Level Output File Name         : univ_bin_counter.ngc

Primitive and Black Box Usage:
------------------------------
# BELS                             : 31
#      LUT2                        : 1
#      LUT3                        : 10
#      LUT4                        : 4
#      LUT5                        : 6
#      LUT6                        : 9
#      MUXF7                       : 1
# FlipFlops/Latches                : 8
#      FDCE                        : 8
# Clock Buffers                    : 1
#      BUFGP                       : 1
# IO Buffers                       : 23
#      IBUF                        : 13
#      OBUF                        : 10

Device utilization summary:
---------------------------

Selected Device : 6slx16csg324-3 


Slice Logic Utilization: 
 Number of Slice Registers:               8  out of  18224     0%  
 Number of Slice LUTs:                   30  out of   9112     0%  
    Number used as Logic:                30  out of   9112     0%  

Slice Logic Distribution: 
 Number of LUT Flip Flop pairs used:     30
   Number with an unused Flip Flop:      22  out of     30    73%  
   Number with an unused LUT:             0  out of     30     0%  
   Number of fully used LUT-FF pairs:     8  out of     30    26%  
   Number of unique control sets:         1

IO Utilization: 
 Number of IOs:                          24
 Number of bonded IOBs:                  24  out of    232    10%  

Specific Feature Utilization:
 Number of BUFG/BUFGCTRLs:                1  out of     16     6%  

---------------------------
Partition Resource Summary:
---------------------------

  No Partitions were found in this design.

---------------------------


=========================================================================
Timing Report

NOTE: THESE TIMING NUMBERS ARE ONLY A SYNTHESIS ESTIMATE.
      FOR ACCURATE TIMING INFORMATION PLEASE REFER TO THE TRACE REPORT
      GENERATED AFTER PLACE-and-ROUTE.

Clock Information:
------------------
-----------------------------------+------------------------+-------+
Clock Signal                       | Clock buffer(FF name)  | Load  |
-----------------------------------+------------------------+-------+
clk                                | BUFGP                  | 8     |
-----------------------------------+------------------------+-------+

Asynchronous Control Signals Information:
----------------------------------------
No asynchronous control signals found in this design

Timing Summary:
---------------
Speed Grade: -3

   Minimum period: 3.429ns (Maximum Frequency: 291.626MHz)
   Minimum input arrival time before clock: 4.546ns
   Maximum output required time after clock: 5.559ns
   Maximum combinational path delay: No path found

Timing Details:
---------------
All values displayed in nanoseconds (ns)

=========================================================================
Timing constraint: Default period analysis for Clock 'clk'
  Clock period: 3.429ns (frequency: 291.626MHz)
  Total number of paths / destination ports: 43 / 8
-------------------------------------------------------------------------
Delay:               3.429ns (Levels of Logic = 3)
  Source:            r_reg_0 (FF)
  Destination:       r_reg_6 (FF)
  Source Clock:      clk rising
  Destination Clock: clk rising

  Data Path: r_reg_0 to r_reg_6
                                Gate     Net
    Cell:in->out      fanout   Delay   Delay  Logical Name (Net Name)
    ----------------------------------------  ------------
     FDCE:C->Q             7   0.447   1.002  r_reg_0 (r_reg_0)
     LUT6:I3->O            4   0.205   0.684  Maddsub_r_reg[7]_r_reg[7]_mux_4_OUT_cy<5>11_SW0 (Maddsub_r_reg[7]_r_reg[7]_mux_4_OUT_cy<3>)
     LUT5:I4->O            1   0.205   0.580  Maddsub_r_reg[7]_r_reg[7]_mux_4_OUT_cy<5>11_SW2 (N21)
     LUT6:I5->O            1   0.205   0.000  Mmux_r_next81 (r_next<7>)
     FDCE:D                    0.102          r_reg_7
    ----------------------------------------
    Total                      3.429ns (1.164ns logic, 2.265ns route)
                                       (33.9% logic, 66.1% route)

=========================================================================
Timing constraint: Default OFFSET IN BEFORE for Clock 'clk'
  Total number of paths / destination ports: 113 / 24
-------------------------------------------------------------------------
Offset:              4.546ns (Levels of Logic = 4)
  Source:            en (PAD)
  Destination:       r_reg_6 (FF)
  Destination Clock: clk rising

  Data Path: en to r_reg_6
                                Gate     Net
    Cell:in->out      fanout   Delay   Delay  Logical Name (Net Name)
    ----------------------------------------  ------------
     IBUF:I->O            15   1.222   1.346  en_IBUF (en_IBUF)
     LUT6:I0->O            4   0.203   0.684  Maddsub_r_reg[7]_r_reg[7]_mux_4_OUT_cy<5>11_SW0 (Maddsub_r_reg[7]_r_reg[7]_mux_4_OUT_cy<3>)
     LUT5:I4->O            1   0.205   0.580  Maddsub_r_reg[7]_r_reg[7]_mux_4_OUT_cy<5>11_SW2 (N21)
     LUT6:I5->O            1   0.205   0.000  Mmux_r_next81 (r_next<7>)
     FDCE:D                    0.102          r_reg_7
    ----------------------------------------
    Total                      4.546ns (1.937ns logic, 2.609ns route)
                                       (42.6% logic, 57.4% route)

=========================================================================
Timing constraint: Default OFFSET OUT AFTER for Clock 'clk'
  Total number of paths / destination ports: 24 / 10
-------------------------------------------------------------------------
Offset:              5.559ns (Levels of Logic = 3)
  Source:            r_reg_5 (FF)
  Destination:       max_tick (PAD)
  Source Clock:      clk rising

  Data Path: r_reg_5 to max_tick
                                Gate     Net
    Cell:in->out      fanout   Delay   Delay  Logical Name (Net Name)
    ----------------------------------------  ------------
     FDCE:C->Q             6   0.447   0.973  r_reg_5 (r_reg_5)
     LUT3:I0->O            1   0.205   0.580  max_tick<7>_SW0 (N3)
     LUT6:I5->O            1   0.205   0.579  max_tick<7> (max_tick_OBUF)
     OBUF:I->O                 2.571          max_tick_OBUF (max_tick)
    ----------------------------------------
    Total                      5.559ns (3.428ns logic, 2.131ns route)
                                       (61.7% logic, 38.3% route)

=========================================================================

Cross Clock Domains Report:
--------------------------

Clock to Setup on destination clock clk
---------------+---------+---------+---------+---------+
               | Src:Rise| Src:Fall| Src:Rise| Src:Fall|
Source Clock   |Dest:Rise|Dest:Rise|Dest:Fall|Dest:Fall|
---------------+---------+---------+---------+---------+
clk            |    3.429|         |         |         |
---------------+---------+---------+---------+---------+

=========================================================================


Total REAL time to Xst completion: 10.00 secs
Total CPU time to Xst completion: 9.92 secs
 
--> 

Total memory usage is 228712 kilobytes

Number of errors   :    0 (   0 filtered)
Number of warnings :    2 (   0 filtered)
Number of infos    :    0 (   0 filtered)

