Release 14.7 - xst P.20131013 (nt)
Copyright (c) 1995-2013 Xilinx, Inc.  All rights reserved.
--> Parameter TMPDIR set to xst/projnav.tmp


Total REAL time to Xst completion: 0.00 secs
Total CPU time to Xst completion: 0.30 secs
 
--> Parameter xsthdpdir set to xst


Total REAL time to Xst completion: 0.00 secs
Total CPU time to Xst completion: 0.30 secs
 
--> Reading design: pong_top_an.prj

TABLE OF CONTENTS
  1) Synthesis Options Summary
  2) HDL Parsing
  3) HDL Elaboration
  4) HDL Synthesis
       4.1) HDL Synthesis Report
  5) Advanced HDL Synthesis
       5.1) Advanced HDL Synthesis Report
  6) Low Level Synthesis
  7) Partition Report
  8) Design Summary
       8.1) Primitive and Black Box Usage
       8.2) Device utilization summary
       8.3) Partition Resource Summary
       8.4) Timing Report
            8.4.1) Clock Information
            8.4.2) Asynchronous Control Signals Information
            8.4.3) Timing Summary
            8.4.4) Timing Details
            8.4.5) Cross Clock Domains Report


=========================================================================
*                      Synthesis Options Summary                        *
=========================================================================
---- Source Parameters
Input File Name                    : "pong_top_an.prj"
Ignore Synthesis Constraint File   : NO

---- Target Parameters
Output File Name                   : "pong_top_an"
Output Format                      : NGC
Target Device                      : xc6slx16-3-csg324

---- Source Options
Top Module Name                    : pong_top_an
Automatic FSM Extraction           : YES
FSM Encoding Algorithm             : Auto
Safe Implementation                : No
FSM Style                          : LUT
RAM Extraction                     : Yes
RAM Style                          : Auto
ROM Extraction                     : Yes
Shift Register Extraction          : YES
ROM Style                          : Auto
Resource Sharing                   : YES
Asynchronous To Synchronous        : NO
Shift Register Minimum Size        : 2
Use DSP Block                      : Auto
Automatic Register Balancing       : No

---- Target Options
LUT Combining                      : Auto
Reduce Control Sets                : Auto
Add IO Buffers                     : YES
Global Maximum Fanout              : 100000
Add Generic Clock Buffer(BUFG)     : 16
Register Duplication               : YES
Optimize Instantiated Primitives   : NO
Use Clock Enable                   : Auto
Use Synchronous Set                : Auto
Use Synchronous Reset              : Auto
Pack IO Registers into IOBs        : Auto
Equivalent register Removal        : YES

---- General Options
Optimization Goal                  : Speed
Optimization Effort                : 1
Power Reduction                    : NO
Keep Hierarchy                     : No
Netlist Hierarchy                  : As_Optimized
RTL Output                         : Yes
Global Optimization                : AllClockNets
Read Cores                         : YES
Write Timing Constraints           : NO
Cross Clock Analysis               : NO
Hierarchy Separator                : /
Bus Delimiter                      : <>
Case Specifier                     : Maintain
Slice Utilization Ratio            : 100
BRAM Utilization Ratio             : 100
DSP48 Utilization Ratio            : 100
Auto BRAM Packing                  : NO
Slice Utilization Ratio Delta      : 5

=========================================================================


=========================================================================
*                          HDL Parsing                                  *
=========================================================================
Analyzing Verilog file "C:\Users\Stache\Documents\Xilinx Projects\learning\chapter13\ponganimated\list_ch13_05_ pong_graph_animate.v" into library work
Parsing module <pong_graph_animate>.
Analyzing Verilog file "C:\Users\Stache\Documents\Xilinx Projects\learning\chapter13\ponganimated\list_ch13_01_vga_sync.v" into library work
Parsing module <vga_sync>.
Analyzing Verilog file "C:\Users\Stache\Documents\Xilinx Projects\learning\chapter13\ponganimated\list_ch13_06_pong_top_an.v" into library work
Parsing module <pong_top_an>.

=========================================================================
*                            HDL Elaboration                            *
=========================================================================

Elaborating module <pong_top_an>.

Elaborating module <vga_sync>.
WARNING:HDLCompiler:413 - "C:\Users\Stache\Documents\Xilinx Projects\learning\chapter13\ponganimated\list_ch13_01_vga_sync.v" Line 68: Result of 11-bit expression is truncated to fit in 10-bit target.
WARNING:HDLCompiler:413 - "C:\Users\Stache\Documents\Xilinx Projects\learning\chapter13\ponganimated\list_ch13_01_vga_sync.v" Line 78: Result of 11-bit expression is truncated to fit in 10-bit target.

Elaborating module <pong_graph_animate>.
WARNING:HDLCompiler:413 - "C:\Users\Stache\Documents\Xilinx Projects\learning\chapter13\ponganimated\list_ch13_05_ pong_graph_animate.v" Line 115: Result of 32-bit expression is truncated to fit in 10-bit target.
WARNING:HDLCompiler:413 - "C:\Users\Stache\Documents\Xilinx Projects\learning\chapter13\ponganimated\list_ch13_05_ pong_graph_animate.v" Line 127: Result of 11-bit expression is truncated to fit in 10-bit target.
WARNING:HDLCompiler:413 - "C:\Users\Stache\Documents\Xilinx Projects\learning\chapter13\ponganimated\list_ch13_05_ pong_graph_animate.v" Line 129: Result of 32-bit expression is truncated to fit in 10-bit target.
WARNING:HDLCompiler:413 - "C:\Users\Stache\Documents\Xilinx Projects\learning\chapter13\ponganimated\list_ch13_05_ pong_graph_animate.v" Line 138: Result of 32-bit expression is truncated to fit in 10-bit target.
WARNING:HDLCompiler:413 - "C:\Users\Stache\Documents\Xilinx Projects\learning\chapter13\ponganimated\list_ch13_05_ pong_graph_animate.v" Line 139: Result of 32-bit expression is truncated to fit in 10-bit target.
WARNING:HDLCompiler:413 - "C:\Users\Stache\Documents\Xilinx Projects\learning\chapter13\ponganimated\list_ch13_06_pong_top_an.v" Line 36: Result of 2-bit expression is truncated to fit in 1-bit target.

=========================================================================
*                           HDL Synthesis                               *
=========================================================================

Synthesizing Unit <pong_top_an>.
    Related source file is "C:\Users\Stache\Documents\Xilinx Projects\learning\chapter13\ponganimated\list_ch13_06_pong_top_an.v".
    Found 1-bit register for signal <master_clk>.
    Found 3-bit register for signal <rgb>.
    Found 1-bit adder for signal <master_clk_PWR_1_o_add_4_OUT<0>> created at line 36.
    Summary:
	inferred   1 Adder/Subtractor(s).
	inferred   4 D-type flip-flop(s).
Unit <pong_top_an> synthesized.

Synthesizing Unit <vga_sync>.
    Related source file is "C:\Users\Stache\Documents\Xilinx Projects\learning\chapter13\ponganimated\list_ch13_01_vga_sync.v".
    Found 10-bit register for signal <v_count_reg>.
    Found 10-bit register for signal <h_count_reg>.
    Found 1-bit register for signal <v_sync_reg>.
    Found 1-bit register for signal <h_sync_reg>.
    Found 1-bit register for signal <mod2_reg>.
    Found 10-bit adder for signal <h_count_reg[9]_GND_2_o_add_4_OUT> created at line 68.
    Found 10-bit adder for signal <v_count_reg[9]_GND_2_o_add_7_OUT> created at line 78.
    Found 10-bit comparator lessequal for signal <n0015> created at line 84
    Found 10-bit comparator lessequal for signal <n0017> created at line 85
    Found 10-bit comparator lessequal for signal <n0020> created at line 87
    Found 10-bit comparator lessequal for signal <n0022> created at line 88
    Found 10-bit comparator greater for signal <h_count_reg[9]_PWR_2_o_LessThan_15_o> created at line 91
    Found 10-bit comparator greater for signal <v_count_reg[9]_GND_2_o_LessThan_16_o> created at line 91
    Summary:
	inferred   2 Adder/Subtractor(s).
	inferred  23 D-type flip-flop(s).
	inferred   6 Comparator(s).
	inferred   2 Multiplexer(s).
Unit <vga_sync> synthesized.

Synthesizing Unit <pong_graph_animate>.
    Related source file is "C:\Users\Stache\Documents\Xilinx Projects\learning\chapter13\ponganimated\list_ch13_05_ pong_graph_animate.v".
    Found 10-bit register for signal <ball_x_reg>.
    Found 10-bit register for signal <ball_y_reg>.
    Found 10-bit register for signal <bar_y_reg>.
    Found 10-bit register for signal <y_delta_reg>.
    Found 10-bit register for signal <x_delta_reg>.
    Found 3-bit subtractor for signal <rom_addr> created at line 145.
    Found 3-bit subtractor for signal <rom_col> created at line 146.
    Found 11-bit adder for signal <n0147> created at line 115.
    Found 10-bit adder for signal <bar_y_reg[9]_GND_3_o_add_20_OUT> created at line 127.
    Found 11-bit adder for signal <n0151> created at line 138.
    Found 11-bit adder for signal <n0153> created at line 139.
    Found 10-bit adder for signal <ball_x_reg[9]_x_delta_reg[9]_add_40_OUT> created at line 153.
    Found 10-bit adder for signal <ball_y_reg[9]_y_delta_reg[9]_add_42_OUT> created at line 155.
    Found 10-bit subtractor for signal <bar_y_b> created at line 29.
    Found 10-bit subtractor for signal <GND_3_o_GND_3_o_sub_23_OUT<9:0>> created at line 129.
    Found 10-bit subtractor for signal <ball_x_r> created at line 40.
    Found 10-bit subtractor for signal <ball_y_b> created at line 42.
    Found 10-bit comparator lessequal for signal <n0007> created at line 107
    Found 10-bit comparator lessequal for signal <n0009> created at line 107
    Found 10-bit comparator lessequal for signal <n0016> created at line 117
    Found 10-bit comparator lessequal for signal <n0018> created at line 117
    Found 10-bit comparator lessequal for signal <n0021> created at line 118
    Found 10-bit comparator lessequal for signal <n0024> created at line 118
    Found 10-bit comparator greater for signal <bar_y_b[9]_GND_3_o_LessThan_20_o> created at line 126
    Found 10-bit comparator greater for signal <GND_3_o_bar_y_t[9]_LessThan_22_o> created at line 128
    Found 10-bit comparator lessequal for signal <n0043> created at line 142
    Found 10-bit comparator lessequal for signal <n0045> created at line 142
    Found 10-bit comparator lessequal for signal <n0048> created at line 143
    Found 10-bit comparator lessequal for signal <n0051> created at line 143
    Found 10-bit comparator greater for signal <ball_y_t[9]_GND_3_o_LessThan_45_o> created at line 162
    Found 10-bit comparator greater for signal <GND_3_o_ball_y_b[9]_LessThan_46_o> created at line 164
    Found 10-bit comparator greater for signal <n0065> created at line 166
    Found 10-bit comparator lessequal for signal <n0067> created at line 168
    Found 10-bit comparator lessequal for signal <n0069> created at line 168
    Found 10-bit comparator lessequal for signal <n0072> created at line 169
    Found 10-bit comparator lessequal for signal <n0075> created at line 169
    Summary:
	inferred  11 Adder/Subtractor(s).
	inferred  50 D-type flip-flop(s).
	inferred  19 Comparator(s).
	inferred   8 Multiplexer(s).
Unit <pong_graph_animate> synthesized.

=========================================================================
HDL Synthesis Report

Macro Statistics
# Adders/Subtractors                                   : 14
 1-bit adder                                           : 1
 10-bit adder                                          : 4
 10-bit addsub                                         : 1
 10-bit subtractor                                     : 3
 11-bit adder                                          : 3
 3-bit subtractor                                      : 2
# Registers                                            : 12
 1-bit register                                        : 4
 10-bit register                                       : 7
 3-bit register                                        : 1
# Comparators                                          : 25
 10-bit comparator greater                             : 7
 10-bit comparator lessequal                           : 18
# Multiplexers                                         : 10
 1-bit 2-to-1 multiplexer                              : 5
 10-bit 2-to-1 multiplexer                             : 2
 3-bit 2-to-1 multiplexer                              : 3

=========================================================================

=========================================================================
*                       Advanced HDL Synthesis                          *
=========================================================================

INFO:Xst:2261 - The FF/Latch <x_delta_reg_3> in Unit <pong_graph_an_unit> is equivalent to the following 6 FFs/Latches, which will be removed : <x_delta_reg_4> <x_delta_reg_5> <x_delta_reg_6> <x_delta_reg_7> <x_delta_reg_8> <x_delta_reg_9> 
INFO:Xst:2261 - The FF/Latch <y_delta_reg_3> in Unit <pong_graph_an_unit> is equivalent to the following 6 FFs/Latches, which will be removed : <y_delta_reg_4> <y_delta_reg_5> <y_delta_reg_6> <y_delta_reg_7> <y_delta_reg_8> <y_delta_reg_9> 
WARNING:Xst:1710 - FF/Latch <y_delta_reg_0> (without init value) has a constant value of 0 in block <pong_graph_an_unit>. This FF/Latch will be trimmed during the optimization process.
WARNING:Xst:1710 - FF/Latch <x_delta_reg_0> (without init value) has a constant value of 0 in block <pong_graph_an_unit>. This FF/Latch will be trimmed during the optimization process.

Synthesizing (advanced) Unit <pong_graph_animate>.
The following registers are absorbed into accumulator <ball_x_reg>: 1 register on signal <ball_x_reg>.
The following registers are absorbed into accumulator <ball_y_reg>: 1 register on signal <ball_y_reg>.
The following registers are absorbed into accumulator <bar_y_reg>: 1 register on signal <bar_y_reg>.
Unit <pong_graph_animate> synthesized (advanced).

Synthesizing (advanced) Unit <pong_top_an>.
The following registers are absorbed into counter <master_clk>: 1 register on signal <master_clk>.
Unit <pong_top_an> synthesized (advanced).

Synthesizing (advanced) Unit <vga_sync>.
The following registers are absorbed into counter <v_count_reg>: 1 register on signal <v_count_reg>.
The following registers are absorbed into counter <h_count_reg>: 1 register on signal <h_count_reg>.
Unit <vga_sync> synthesized (advanced).

=========================================================================
Advanced HDL Synthesis Report

Macro Statistics
# Adders/Subtractors                                   : 8
 10-bit adder                                          : 3
 10-bit subtractor                                     : 3
 3-bit subtractor                                      : 2
# Counters                                             : 3
 1-bit up counter                                      : 1
 10-bit up counter                                     : 2
# Accumulators                                         : 3
 10-bit up accumulator                                 : 2
 10-bit updown accumulator                             : 1
# Registers                                            : 26
 Flip-Flops                                            : 26
# Comparators                                          : 25
 10-bit comparator greater                             : 7
 10-bit comparator lessequal                           : 18
# Multiplexers                                         : 8
 1-bit 2-to-1 multiplexer                              : 5
 3-bit 2-to-1 multiplexer                              : 3

=========================================================================

=========================================================================
*                         Low Level Synthesis                           *
=========================================================================
WARNING:Xst:1710 - FF/Latch <y_delta_reg_0> (without init value) has a constant value of 0 in block <pong_graph_animate>. This FF/Latch will be trimmed during the optimization process.
WARNING:Xst:1895 - Due to other FF/Latch trimming, FF/Latch <x_delta_reg_0> (without init value) has a constant value of 0 in block <pong_graph_animate>. This FF/Latch will be trimmed during the optimization process.
INFO:Xst:2261 - The FF/Latch <x_delta_reg_3> in Unit <pong_graph_animate> is equivalent to the following 6 FFs/Latches, which will be removed : <x_delta_reg_4> <x_delta_reg_5> <x_delta_reg_6> <x_delta_reg_7> <x_delta_reg_8> <x_delta_reg_9> 
INFO:Xst:2261 - The FF/Latch <y_delta_reg_3> in Unit <pong_graph_animate> is equivalent to the following 6 FFs/Latches, which will be removed : <y_delta_reg_4> <y_delta_reg_5> <y_delta_reg_6> <y_delta_reg_7> <y_delta_reg_8> <y_delta_reg_9> 
WARNING:Xst:1710 - FF/Latch <ball_x_reg_0> (without init value) has a constant value of 0 in block <pong_graph_animate>. This FF/Latch will be trimmed during the optimization process.
WARNING:Xst:1895 - Due to other FF/Latch trimming, FF/Latch <ball_y_reg_0> (without init value) has a constant value of 0 in block <pong_graph_animate>. This FF/Latch will be trimmed during the optimization process.

Optimizing unit <pong_top_an> ...

Optimizing unit <pong_graph_animate> ...
WARNING:Xst:1710 - FF/Latch <bar_y_reg_0> (without init value) has a constant value of 0 in block <pong_graph_animate>. This FF/Latch will be trimmed during the optimization process.
WARNING:Xst:1895 - Due to other FF/Latch trimming, FF/Latch <bar_y_reg_1> (without init value) has a constant value of 0 in block <pong_graph_animate>. This FF/Latch will be trimmed during the optimization process.

Optimizing unit <vga_sync> ...
WARNING:Xst:1710 - FF/Latch <pong_graph_an_unit/bar_y_reg_9> (without init value) has a constant value of 0 in block <pong_top_an>. This FF/Latch will be trimmed during the optimization process.
WARNING:Xst:1895 - Due to other FF/Latch trimming, FF/Latch <pong_graph_an_unit/bar_y_reg_1> (without init value) has a constant value of 0 in block <pong_top_an>. This FF/Latch will be trimmed during the optimization process.
WARNING:Xst:1895 - Due to other FF/Latch trimming, FF/Latch <pong_graph_an_unit/bar_y_reg_0> (without init value) has a constant value of 0 in block <pong_top_an>. This FF/Latch will be trimmed during the optimization process.

Mapping all equations...
Building and optimizing final netlist ...
Found area constraint ratio of 100 (+ 5) on block pong_top_an, actual ratio is 2.

Final Macro Processing ...

=========================================================================
Final Register Report

Macro Statistics
# Registers                                            : 58
 Flip-Flops                                            : 58

=========================================================================

=========================================================================
*                           Partition Report                            *
=========================================================================

Partition Implementation Status
-------------------------------

  No Partitions were found in this design.

-------------------------------

=========================================================================
*                            Design Summary                             *
=========================================================================

Top Level Output File Name         : pong_top_an.ngc

Primitive and Black Box Usage:
------------------------------
# BELS                             : 310
#      GND                         : 1
#      INV                         : 5
#      LUT1                        : 2
#      LUT2                        : 30
#      LUT3                        : 21
#      LUT4                        : 74
#      LUT5                        : 20
#      LUT6                        : 51
#      MUXCY                       : 66
#      MUXF7                       : 1
#      VCC                         : 1
#      XORCY                       : 38
# FlipFlops/Latches                : 58
#      FD                          : 1
#      FDC                         : 3
#      FDCE                        : 49
#      FDE                         : 3
#      FDPE                        : 2
# Clock Buffers                    : 2
#      BUFG                        : 1
#      BUFGP                       : 1
# IO Buffers                       : 8
#      IBUF                        : 3
#      OBUF                        : 5

Device utilization summary:
---------------------------

Selected Device : 6slx16csg324-3 


Slice Logic Utilization: 
 Number of Slice Registers:              55  out of  18224     0%  
 Number of Slice LUTs:                  203  out of   9112     2%  
    Number used as Logic:               203  out of   9112     2%  

Slice Logic Distribution: 
 Number of LUT Flip Flop pairs used:    204
   Number with an unused Flip Flop:     149  out of    204    73%  
   Number with an unused LUT:             1  out of    204     0%  
   Number of fully used LUT-FF pairs:    54  out of    204    26%  
   Number of unique control sets:         8

IO Utilization: 
 Number of IOs:                           9
 Number of bonded IOBs:                   9  out of    232     3%  
    IOB Flip Flops/Latches:               3

Specific Feature Utilization:
 Number of BUFG/BUFGCTRLs:                2  out of     16    12%  

---------------------------
Partition Resource Summary:
---------------------------

  No Partitions were found in this design.

---------------------------


=========================================================================
Timing Report

NOTE: THESE TIMING NUMBERS ARE ONLY A SYNTHESIS ESTIMATE.
      FOR ACCURATE TIMING INFORMATION PLEASE REFER TO THE TRACE REPORT
      GENERATED AFTER PLACE-and-ROUTE.

Clock Information:
------------------
-----------------------------------+------------------------+-------+
Clock Signal                       | Clock buffer(FF name)  | Load  |
-----------------------------------+------------------------+-------+
clk                                | BUFGP                  | 4     |
master_clk                         | BUFG                   | 54    |
-----------------------------------+------------------------+-------+

Asynchronous Control Signals Information:
----------------------------------------
No asynchronous control signals found in this design

Timing Summary:
---------------
Speed Grade: -3

   Minimum period: 5.235ns (Maximum Frequency: 191.037MHz)
   Minimum input arrival time before clock: 4.481ns
   Maximum output required time after clock: 3.597ns
   Maximum combinational path delay: No path found

Timing Details:
---------------
All values displayed in nanoseconds (ns)

=========================================================================
Timing constraint: Default period analysis for Clock 'clk'
  Clock period: 1.913ns (frequency: 522.821MHz)
  Total number of paths / destination ports: 1 / 1
-------------------------------------------------------------------------
Delay:               1.913ns (Levels of Logic = 1)
  Source:            master_clk (FF)
  Destination:       master_clk (FF)
  Source Clock:      clk rising
  Destination Clock: clk rising

  Data Path: master_clk to master_clk
                                Gate     Net
    Cell:in->out      fanout   Delay   Delay  Logical Name (Net Name)
    ----------------------------------------  ------------
     FD:C->Q               1   0.447   0.579  master_clk (master_clk)
     INV:I->O              1   0.206   0.579  Mcount_master_clk_xor<0>11_INV_0 (Result)
     FD:D                      0.102          master_clk
    ----------------------------------------
    Total                      1.913ns (0.755ns logic, 1.158ns route)
                                       (39.5% logic, 60.5% route)

=========================================================================
Timing constraint: Default period analysis for Clock 'master_clk'
  Clock period: 5.235ns (frequency: 191.037MHz)
  Total number of paths / destination ports: 3132 / 104
-------------------------------------------------------------------------
Delay:               5.235ns (Levels of Logic = 5)
  Source:            pong_graph_an_unit/bar_y_reg_4 (FF)
  Destination:       pong_graph_an_unit/x_delta_reg_3 (FF)
  Source Clock:      master_clk rising
  Destination Clock: master_clk rising

  Data Path: pong_graph_an_unit/bar_y_reg_4 to pong_graph_an_unit/x_delta_reg_3
                                Gate     Net
    Cell:in->out      fanout   Delay   Delay  Logical Name (Net Name)
    ----------------------------------------  ------------
     FDCE:C->Q            16   0.447   1.252  pong_graph_an_unit/bar_y_reg_4 (pong_graph_an_unit/bar_y_reg_4)
     LUT4:I0->O            2   0.203   0.617  pong_graph_an_unit/Msub_bar_y_b_xor<0>1011 (pong_graph_an_unit/Msub_bar_y_b_xor<0>101)
     LUT4:I3->O            3   0.205   0.879  pong_graph_an_unit/Msub_bar_y_b_xor<0>91 (pong_graph_an_unit/bar_y_b<8>)
     LUT4:I1->O            1   0.205   0.000  pong_graph_an_unit/Mcompar_ball_y_t[9]_bar_y_b[9]_LessThan_51_o_lut<4> (pong_graph_an_unit/Mcompar_ball_y_t[9]_bar_y_b[9]_LessThan_51_o_lut<4>)
     MUXCY:S->O            3   0.366   0.755  pong_graph_an_unit/Mcompar_ball_y_t[9]_bar_y_b[9]_LessThan_51_o_cy<4> (pong_graph_an_unit/ball_y_t[9]_bar_y_b[9]_LessThan_51_o)
     LUT5:I3->O            1   0.203   0.000  pong_graph_an_unit/x_delta_reg_1_dpot (pong_graph_an_unit/x_delta_reg_1_dpot)
     FDCE:D                    0.102          pong_graph_an_unit/x_delta_reg_1
    ----------------------------------------
    Total                      5.235ns (1.731ns logic, 3.504ns route)
                                       (33.1% logic, 66.9% route)

=========================================================================
Timing constraint: Default OFFSET IN BEFORE for Clock 'master_clk'
  Total number of paths / destination ports: 77 / 61
-------------------------------------------------------------------------
Offset:              4.481ns (Levels of Logic = 4)
  Source:            btn<1> (PAD)
  Destination:       pong_graph_an_unit/bar_y_reg_8 (FF)
  Destination Clock: master_clk rising

  Data Path: btn<1> to pong_graph_an_unit/bar_y_reg_8
                                Gate     Net
    Cell:in->out      fanout   Delay   Delay  Logical Name (Net Name)
    ----------------------------------------  ------------
     IBUF:I->O             6   1.222   1.109  btn_1_IBUF (btn_1_IBUF)
     LUT6:I0->O            3   0.203   0.755  pong_graph_an_unit/Maccum_bar_y_reg_xor<6>111 (pong_graph_an_unit/Maccum_bar_y_reg_xor<6>111)
     LUT6:I4->O            1   0.203   0.684  pong_graph_an_unit/Maccum_bar_y_reg_xor<8>11 (pong_graph_an_unit/Result<8>2)
     LUT3:I1->O            1   0.203   0.000  pong_graph_an_unit/bar_y_reg_8_dpot (pong_graph_an_unit/bar_y_reg_8_dpot)
     FDCE:D                    0.102          pong_graph_an_unit/bar_y_reg_8
    ----------------------------------------
    Total                      4.481ns (1.933ns logic, 2.548ns route)
                                       (43.1% logic, 56.9% route)

=========================================================================
Timing constraint: Default OFFSET OUT AFTER for Clock 'clk'
  Total number of paths / destination ports: 3 / 3
-------------------------------------------------------------------------
Offset:              3.597ns (Levels of Logic = 1)
  Source:            rgb_reg_2 (FF)
  Destination:       rgb<2> (PAD)
  Source Clock:      clk rising

  Data Path: rgb_reg_2 to rgb<2>
                                Gate     Net
    Cell:in->out      fanout   Delay   Delay  Logical Name (Net Name)
    ----------------------------------------  ------------
     FDE:C->Q              1   0.447   0.579  rgb_reg_2 (rgb_reg_2)
     OBUF:I->O                 2.571          rgb_2_OBUF (rgb<2>)
    ----------------------------------------
    Total                      3.597ns (3.018ns logic, 0.579ns route)
                                       (83.9% logic, 16.1% route)

=========================================================================
Timing constraint: Default OFFSET OUT AFTER for Clock 'master_clk'
  Total number of paths / destination ports: 2 / 2
-------------------------------------------------------------------------
Offset:              3.597ns (Levels of Logic = 1)
  Source:            vsync_unit/h_sync_reg (FF)
  Destination:       hsync (PAD)
  Source Clock:      master_clk rising

  Data Path: vsync_unit/h_sync_reg to hsync
                                Gate     Net
    Cell:in->out      fanout   Delay   Delay  Logical Name (Net Name)
    ----------------------------------------  ------------
     FDC:C->Q              1   0.447   0.579  vsync_unit/h_sync_reg (vsync_unit/h_sync_reg)
     OBUF:I->O                 2.571          hsync_OBUF (hsync)
    ----------------------------------------
    Total                      3.597ns (3.018ns logic, 0.579ns route)
                                       (83.9% logic, 16.1% route)

=========================================================================

Cross Clock Domains Report:
--------------------------

Clock to Setup on destination clock clk
---------------+---------+---------+---------+---------+
               | Src:Rise| Src:Fall| Src:Rise| Src:Fall|
Source Clock   |Dest:Rise|Dest:Rise|Dest:Fall|Dest:Fall|
---------------+---------+---------+---------+---------+
clk            |    1.913|         |         |         |
master_clk     |    7.379|         |         |         |
---------------+---------+---------+---------+---------+

Clock to Setup on destination clock master_clk
---------------+---------+---------+---------+---------+
               | Src:Rise| Src:Fall| Src:Rise| Src:Fall|
Source Clock   |Dest:Rise|Dest:Rise|Dest:Fall|Dest:Fall|
---------------+---------+---------+---------+---------+
master_clk     |    5.235|         |         |         |
---------------+---------+---------+---------+---------+

=========================================================================


Total REAL time to Xst completion: 12.00 secs
Total CPU time to Xst completion: 12.02 secs
 
--> 

Total memory usage is 230056 kilobytes

Number of errors   :    0 (   0 filtered)
Number of warnings :   19 (   0 filtered)
Number of infos    :    4 (   0 filtered)

