Release 14.7 - xst P.20131013 (nt)
Copyright (c) 1995-2013 Xilinx, Inc.  All rights reserved.
--> Parameter TMPDIR set to xst/projnav.tmp


Total REAL time to Xst completion: 0.00 secs
Total CPU time to Xst completion: 0.18 secs
 
--> Parameter xsthdpdir set to xst


Total REAL time to Xst completion: 0.00 secs
Total CPU time to Xst completion: 0.18 secs
 
--> Reading design: occupancy_counter.prj

TABLE OF CONTENTS
  1) Synthesis Options Summary
  2) HDL Parsing
  3) HDL Elaboration
  4) HDL Synthesis
       4.1) HDL Synthesis Report
  5) Advanced HDL Synthesis
       5.1) Advanced HDL Synthesis Report
  6) Low Level Synthesis
  7) Partition Report
  8) Design Summary
       8.1) Primitive and Black Box Usage
       8.2) Device utilization summary
       8.3) Partition Resource Summary
       8.4) Timing Report
            8.4.1) Clock Information
            8.4.2) Asynchronous Control Signals Information
            8.4.3) Timing Summary
            8.4.4) Timing Details
            8.4.5) Cross Clock Domains Report


=========================================================================
*                      Synthesis Options Summary                        *
=========================================================================
---- Source Parameters
Input File Name                    : "occupancy_counter.prj"
Ignore Synthesis Constraint File   : NO

---- Target Parameters
Output File Name                   : "occupancy_counter"
Output Format                      : NGC
Target Device                      : xc6slx16-3-csg324

---- Source Options
Top Module Name                    : occupancy_counter
Automatic FSM Extraction           : YES
FSM Encoding Algorithm             : Auto
Safe Implementation                : No
FSM Style                          : LUT
RAM Extraction                     : Yes
RAM Style                          : Auto
ROM Extraction                     : Yes
Shift Register Extraction          : YES
ROM Style                          : Auto
Resource Sharing                   : YES
Asynchronous To Synchronous        : NO
Shift Register Minimum Size        : 2
Use DSP Block                      : Auto
Automatic Register Balancing       : No

---- Target Options
LUT Combining                      : Auto
Reduce Control Sets                : Auto
Add IO Buffers                     : YES
Global Maximum Fanout              : 100000
Add Generic Clock Buffer(BUFG)     : 16
Register Duplication               : YES
Optimize Instantiated Primitives   : NO
Use Clock Enable                   : Auto
Use Synchronous Set                : Auto
Use Synchronous Reset              : Auto
Pack IO Registers into IOBs        : Auto
Equivalent register Removal        : YES

---- General Options
Optimization Goal                  : Speed
Optimization Effort                : 1
Power Reduction                    : NO
Keep Hierarchy                     : No
Netlist Hierarchy                  : As_Optimized
RTL Output                         : Yes
Global Optimization                : AllClockNets
Read Cores                         : YES
Write Timing Constraints           : NO
Cross Clock Analysis               : NO
Hierarchy Separator                : /
Bus Delimiter                      : <>
Case Specifier                     : Maintain
Slice Utilization Ratio            : 100
BRAM Utilization Ratio             : 100
DSP48 Utilization Ratio            : 100
Auto BRAM Packing                  : NO
Slice Utilization Ratio Delta      : 5

=========================================================================


=========================================================================
*                          HDL Parsing                                  *
=========================================================================
Analyzing Verilog file "C:\Users\Stache\Documents\Xilinx Projects\learning\chapter5\exercises\occupancycounter\occupancy_counter.v" into library work
Parsing module <occupancy_counter>.

=========================================================================
*                            HDL Elaboration                            *
=========================================================================

Elaborating module <occupancy_counter>.

=========================================================================
*                           HDL Synthesis                               *
=========================================================================

Synthesizing Unit <occupancy_counter>.
    Related source file is "C:\Users\Stache\Documents\Xilinx Projects\learning\chapter5\exercises\occupancycounter\occupancy_counter.v".
    Found 3-bit register for signal <state_reg>.
    Found 8x2-bit Read Only RAM for signal <_n0038>
    Found 3-bit 8-to-1 multiplexer for signal <state_next> created at line 50.
    HDL ADVISOR - Describing an operational reset or an explicit power-up state for register <state_reg> would allow inference of a finite state machine and as consequence better performance and smaller area.
    Summary:
	inferred   1 RAM(s).
	inferred   3 D-type flip-flop(s).
	inferred  11 Multiplexer(s).
Unit <occupancy_counter> synthesized.

=========================================================================
HDL Synthesis Report

Macro Statistics
# RAMs                                                 : 1
 8x2-bit single-port Read Only RAM                     : 1
# Registers                                            : 1
 3-bit register                                        : 1
# Multiplexers                                         : 11
 3-bit 2-to-1 multiplexer                              : 10
 3-bit 8-to-1 multiplexer                              : 1

=========================================================================

=========================================================================
*                       Advanced HDL Synthesis                          *
=========================================================================


Synthesizing (advanced) Unit <occupancy_counter>.
INFO:Xst:3231 - The small RAM <Mram__n0038> will be implemented on LUTs in order to maximize performance and save block RAM resources. If you want to force its implementation on block, use option/constraint ram_style.
    -----------------------------------------------------------------------
    | ram_type           | Distributed                         |          |
    -----------------------------------------------------------------------
    | Port A                                                              |
    |     aspect ratio   | 8-word x 2-bit                      |          |
    |     weA            | connected to signal <GND>           | high     |
    |     addrA          | connected to signal <state_reg>     |          |
    |     diA            | connected to signal <GND>           |          |
    |     doA            | connected to signal <enter>         |          |
    -----------------------------------------------------------------------
Unit <occupancy_counter> synthesized (advanced).

=========================================================================
Advanced HDL Synthesis Report

Macro Statistics
# RAMs                                                 : 1
 8x2-bit single-port distributed Read Only RAM         : 1
# Registers                                            : 3
 Flip-Flops                                            : 3
# Multiplexers                                         : 11
 3-bit 2-to-1 multiplexer                              : 10
 3-bit 8-to-1 multiplexer                              : 1

=========================================================================

=========================================================================
*                         Low Level Synthesis                           *
=========================================================================

Optimizing unit <occupancy_counter> ...

Mapping all equations...
Building and optimizing final netlist ...
Found area constraint ratio of 100 (+ 5) on block occupancy_counter, actual ratio is 0.

Final Macro Processing ...

=========================================================================
Final Register Report

Macro Statistics
# Registers                                            : 3
 Flip-Flops                                            : 3

=========================================================================

=========================================================================
*                           Partition Report                            *
=========================================================================

Partition Implementation Status
-------------------------------

  No Partitions were found in this design.

-------------------------------

=========================================================================
*                            Design Summary                             *
=========================================================================

Top Level Output File Name         : occupancy_counter.ngc

Primitive and Black Box Usage:
------------------------------
# BELS                             : 5
#      LUT3                        : 2
#      LUT5                        : 3
# FlipFlops/Latches                : 3
#      FD                          : 3
# Clock Buffers                    : 1
#      BUFGP                       : 1
# IO Buffers                       : 4
#      IBUF                        : 2
#      OBUF                        : 2

Device utilization summary:
---------------------------

Selected Device : 6slx16csg324-3 


Slice Logic Utilization: 
 Number of Slice Registers:               3  out of  18224     0%  
 Number of Slice LUTs:                    5  out of   9112     0%  
    Number used as Logic:                 5  out of   9112     0%  

Slice Logic Distribution: 
 Number of LUT Flip Flop pairs used:      8
   Number with an unused Flip Flop:       5  out of      8    62%  
   Number with an unused LUT:             3  out of      8    37%  
   Number of fully used LUT-FF pairs:     0  out of      8     0%  
   Number of unique control sets:         1

IO Utilization: 
 Number of IOs:                           5
 Number of bonded IOBs:                   5  out of    232     2%  

Specific Feature Utilization:
 Number of BUFG/BUFGCTRLs:                1  out of     16     6%  

---------------------------
Partition Resource Summary:
---------------------------

  No Partitions were found in this design.

---------------------------


=========================================================================
Timing Report

NOTE: THESE TIMING NUMBERS ARE ONLY A SYNTHESIS ESTIMATE.
      FOR ACCURATE TIMING INFORMATION PLEASE REFER TO THE TRACE REPORT
      GENERATED AFTER PLACE-and-ROUTE.

Clock Information:
------------------
-----------------------------------+------------------------+-------+
Clock Signal                       | Clock buffer(FF name)  | Load  |
-----------------------------------+------------------------+-------+
clk                                | BUFGP                  | 3     |
-----------------------------------+------------------------+-------+

Asynchronous Control Signals Information:
----------------------------------------
No asynchronous control signals found in this design

Timing Summary:
---------------
Speed Grade: -3

   Minimum period: 1.714ns (Maximum Frequency: 583.431MHz)
   Minimum input arrival time before clock: 2.522ns
   Maximum output required time after clock: 4.745ns
   Maximum combinational path delay: No path found

Timing Details:
---------------
All values displayed in nanoseconds (ns)

=========================================================================
Timing constraint: Default period analysis for Clock 'clk'
  Clock period: 1.714ns (frequency: 583.431MHz)
  Total number of paths / destination ports: 9 / 3
-------------------------------------------------------------------------
Delay:               1.714ns (Levels of Logic = 1)
  Source:            state_reg_0 (FF)
  Destination:       state_reg_0 (FF)
  Source Clock:      clk rising
  Destination Clock: clk rising

  Data Path: state_reg_0 to state_reg_0
                                Gate     Net
    Cell:in->out      fanout   Delay   Delay  Logical Name (Net Name)
    ----------------------------------------  ------------
     FD:C->Q               5   0.447   0.962  state_reg_0 (state_reg_0)
     LUT5:I1->O            1   0.203   0.000  Mmux_state_next21 (state_next<1>)
     FD:D                      0.102          state_reg_1
    ----------------------------------------
    Total                      1.714ns (0.752ns logic, 0.962ns route)
                                       (43.9% logic, 56.1% route)

=========================================================================
Timing constraint: Default OFFSET IN BEFORE for Clock 'clk'
  Total number of paths / destination ports: 6 / 3
-------------------------------------------------------------------------
Offset:              2.522ns (Levels of Logic = 2)
  Source:            b (PAD)
  Destination:       state_reg_0 (FF)
  Destination Clock: clk rising

  Data Path: b to state_reg_0
                                Gate     Net
    Cell:in->out      fanout   Delay   Delay  Logical Name (Net Name)
    ----------------------------------------  ------------
     IBUF:I->O             3   1.222   0.995  b_IBUF (b_IBUF)
     LUT5:I0->O            1   0.203   0.000  Mmux_state_next11 (state_next<0>)
     FD:D                      0.102          state_reg_0
    ----------------------------------------
    Total                      2.522ns (1.527ns logic, 0.995ns route)
                                       (60.5% logic, 39.5% route)

=========================================================================
Timing constraint: Default OFFSET OUT AFTER for Clock 'clk'
  Total number of paths / destination ports: 6 / 2
-------------------------------------------------------------------------
Offset:              4.745ns (Levels of Logic = 2)
  Source:            state_reg_0 (FF)
  Destination:       enter (PAD)
  Source Clock:      clk rising

  Data Path: state_reg_0 to enter
                                Gate     Net
    Cell:in->out      fanout   Delay   Delay  Logical Name (Net Name)
    ----------------------------------------  ------------
     FD:C->Q               5   0.447   0.943  state_reg_0 (state_reg_0)
     LUT3:I0->O            1   0.205   0.579  Mram__n003811 (enter_OBUF)
     OBUF:I->O                 2.571          enter_OBUF (enter)
    ----------------------------------------
    Total                      4.745ns (3.223ns logic, 1.522ns route)
                                       (67.9% logic, 32.1% route)

=========================================================================

Cross Clock Domains Report:
--------------------------

Clock to Setup on destination clock clk
---------------+---------+---------+---------+---------+
               | Src:Rise| Src:Fall| Src:Rise| Src:Fall|
Source Clock   |Dest:Rise|Dest:Rise|Dest:Fall|Dest:Fall|
---------------+---------+---------+---------+---------+
clk            |    1.714|         |         |         |
---------------+---------+---------+---------+---------+

=========================================================================


Total REAL time to Xst completion: 12.00 secs
Total CPU time to Xst completion: 12.12 secs
 
--> 

Total memory usage is 228200 kilobytes

Number of errors   :    0 (   0 filtered)
Number of warnings :    0 (   0 filtered)
Number of infos    :    1 (   0 filtered)

