Release 14.7 - xst P.20131013 (nt)
Copyright (c) 1995-2013 Xilinx, Inc.  All rights reserved.
--> Parameter TMPDIR set to xst/projnav.tmp


Total REAL time to Xst completion: 1.00 secs
Total CPU time to Xst completion: 1.37 secs
 
--> Parameter xsthdpdir set to xst


Total REAL time to Xst completion: 1.00 secs
Total CPU time to Xst completion: 1.47 secs
 
--> Reading design: square_wave.prj

TABLE OF CONTENTS
  1) Synthesis Options Summary
  2) HDL Parsing
  3) HDL Elaboration
  4) HDL Synthesis
       4.1) HDL Synthesis Report
  5) Advanced HDL Synthesis
       5.1) Advanced HDL Synthesis Report
  6) Low Level Synthesis
  7) Partition Report
  8) Design Summary
       8.1) Primitive and Black Box Usage
       8.2) Device utilization summary
       8.3) Partition Resource Summary
       8.4) Timing Report
            8.4.1) Clock Information
            8.4.2) Asynchronous Control Signals Information
            8.4.3) Timing Summary
            8.4.4) Timing Details
            8.4.5) Cross Clock Domains Report


=========================================================================
*                      Synthesis Options Summary                        *
=========================================================================
---- Source Parameters
Input File Name                    : "square_wave.prj"
Ignore Synthesis Constraint File   : NO

---- Target Parameters
Output File Name                   : "square_wave"
Output Format                      : NGC
Target Device                      : xc6slx16-3-csg324

---- Source Options
Top Module Name                    : square_wave
Automatic FSM Extraction           : YES
FSM Encoding Algorithm             : Auto
Safe Implementation                : No
FSM Style                          : LUT
RAM Extraction                     : Yes
RAM Style                          : Auto
ROM Extraction                     : Yes
Shift Register Extraction          : YES
ROM Style                          : Auto
Resource Sharing                   : YES
Asynchronous To Synchronous        : NO
Shift Register Minimum Size        : 2
Use DSP Block                      : Auto
Automatic Register Balancing       : No

---- Target Options
LUT Combining                      : Auto
Reduce Control Sets                : Auto
Add IO Buffers                     : YES
Global Maximum Fanout              : 100000
Add Generic Clock Buffer(BUFG)     : 16
Register Duplication               : YES
Optimize Instantiated Primitives   : NO
Use Clock Enable                   : Auto
Use Synchronous Set                : Auto
Use Synchronous Reset              : Auto
Pack IO Registers into IOBs        : Auto
Equivalent register Removal        : YES

---- General Options
Optimization Goal                  : Speed
Optimization Effort                : 1
Power Reduction                    : NO
Keep Hierarchy                     : No
Netlist Hierarchy                  : As_Optimized
RTL Output                         : Yes
Global Optimization                : AllClockNets
Read Cores                         : YES
Write Timing Constraints           : NO
Cross Clock Analysis               : NO
Hierarchy Separator                : /
Bus Delimiter                      : <>
Case Specifier                     : Maintain
Slice Utilization Ratio            : 100
BRAM Utilization Ratio             : 100
DSP48 Utilization Ratio            : 100
Auto BRAM Packing                  : NO
Slice Utilization Ratio Delta      : 5

=========================================================================


=========================================================================
*                          HDL Parsing                                  *
=========================================================================
Analyzing Verilog file "C:\Users\Stache\Documents\Xilinx Projects\learning\chapter4\square_wave_generator\square_wave.v" into library work
Parsing module <square_wave>.

=========================================================================
*                            HDL Elaboration                            *
=========================================================================

Elaborating module <square_wave>.
WARNING:HDLCompiler:413 - "C:\Users\Stache\Documents\Xilinx Projects\learning\chapter4\square_wave_generator\square_wave.v" Line 52: Result of 12-bit expression is truncated to fit in 11-bit target.
WARNING:HDLCompiler:413 - "C:\Users\Stache\Documents\Xilinx Projects\learning\chapter4\square_wave_generator\square_wave.v" Line 59: Result of 12-bit expression is truncated to fit in 11-bit target.

=========================================================================
*                           HDL Synthesis                               *
=========================================================================

Synthesizing Unit <square_wave>.
    Related source file is "C:\Users\Stache\Documents\Xilinx Projects\learning\chapter4\square_wave_generator\square_wave.v".
    Found 1-bit register for signal <sw>.
    Found 11-bit adder for signal <sw_counter[10]_GND_1_o_add_11_OUT> created at line 59.
    Found 4x7-bit multiplier for signal <_n0059> created at line 51.
    Found 4x7-bit multiplier for signal <_n0062> created at line 58.
WARNING:Xst:737 - Found 1-bit latch for signal <sw_tick>. Latches may be generated from incomplete case or if statements. We do not recommend the use of latches in FPGA/CPLD designs, as they may lead to timing problems.
    Found 11-bit comparator greater for signal <sw_counter[10]_m[3]_LessThan_7_o> created at line 51
    Found 11-bit comparator greater for signal <sw_counter[10]_n[3]_LessThan_11_o> created at line 58
    Found 11-bit comparator equal for signal <GND_1_o_GND_1_o_equal_3_o> created at line 43
    Found 11-bit comparator equal for signal <GND_1_o_GND_1_o_equal_5_o> created at line 44
    Summary:
	inferred   2 Multiplier(s).
	inferred   1 Adder/Subtractor(s).
	inferred   1 D-type flip-flop(s).
	inferred   1 Latch(s).
	inferred   4 Comparator(s).
	inferred   3 Multiplexer(s).
Unit <square_wave> synthesized.

=========================================================================
HDL Synthesis Report

Macro Statistics
# Multipliers                                          : 2
 7x4-bit multiplier                                    : 2
# Adders/Subtractors                                   : 1
 11-bit adder                                          : 1
# Registers                                            : 1
 1-bit register                                        : 1
# Latches                                              : 1
 1-bit latch                                           : 1
# Comparators                                          : 4
 11-bit comparator equal                               : 2
 11-bit comparator greater                             : 2
# Multiplexers                                         : 3
 11-bit 2-to-1 multiplexer                             : 3

=========================================================================

=========================================================================
*                       Advanced HDL Synthesis                          *
=========================================================================


=========================================================================
Advanced HDL Synthesis Report

Macro Statistics
# Multipliers                                          : 2
 7x4-bit multiplier                                    : 2
# Adders/Subtractors                                   : 1
 11-bit adder                                          : 1
# Registers                                            : 1
 Flip-Flops                                            : 1
# Comparators                                          : 4
 11-bit comparator equal                               : 2
 11-bit comparator greater                             : 2
# Multiplexers                                         : 3
 11-bit 2-to-1 multiplexer                             : 3

=========================================================================

=========================================================================
*                         Low Level Synthesis                           *
=========================================================================
WARNING:Xst:2170 - Unit square_wave : the following signal(s) form a combinatorial loop: sw_tick_GND_1_o_AND_50_o, Mcompar_sw_counter[10]_m[3]_LessThan_7_o_cy<4>, Madd_sw_counter[10]_GND_1_o_add_11_OUT_lut<3>, sw_tick_sw_tick_OR_32_o, Madd_sw_counter[10]_GND_1_o_add_11_OUT_cy<0>, sw_tick_PWR_1_o_AND_53_o, Mcompar_sw_counter[10]_m[3]_LessThan_7_o_cy<0>, Mcompar_sw_counter[10]_m[3]_LessThan_7_o_cy<2>, Mcompar_sw_counter[10]_m[3]_LessThan_7_o_cy<1>, Mcompar_sw_counter[10]_m[3]_LessThan_7_o_lutdi, Mcompar_sw_counter[10]_m[3]_LessThan_7_o_cy<3>, GND_1_o_GND_1_o_equal_3_o.
WARNING:Xst:2170 - Unit square_wave : the following signal(s) form a combinatorial loop: Madd_sw_counter[10]_GND_1_o_add_11_OUT_cy<0>.
WARNING:Xst:3002 - This design contains one or more registers/latches that are directly
   incompatible with the Spartan6 architecture. The two primary causes of this is
   either a register or latch described with both an asynchronous set and
   asynchronous reset, or a register or latch described with an asynchronous
   set or reset which however has an initialization value of the opposite 
   polarity (i.e. asynchronous reset with an initialization value of 1).
    While this circuit can be built, it creates a sub-optimal implementation
   in terms of area, power and performance. For a more optimal implementation
   Xilinx highly recommends one of the following:

          1) Remove either the set or reset from all registers and latches
             if not needed for required functionality
          2) Modify the code in order to produce a synchronous set
             and/or reset (both is preferred)
          3) Ensure all registers have the same initialization value as the
             described asynchronous set or reset polarity
          4) Use the -async_to_sync option to transform the asynchronous
             set/reset to synchronous operation
             (timing simulation highly recommended when using this option)

  Please refer to http://www.xilinx.com search string "Spartan6 asynchronous set/reset" for more details.

  List of register instances with asynchronous set and reset:
    sw_tick in unit <square_wave>


Optimizing unit <square_wave> ...

Mapping all equations...
Building and optimizing final netlist ...
Found area constraint ratio of 100 (+ 5) on block square_wave, actual ratio is 0.

Final Macro Processing ...

=========================================================================
Final Register Report

Macro Statistics
# Registers                                            : 1
 Flip-Flops                                            : 1

=========================================================================

=========================================================================
*                           Partition Report                            *
=========================================================================

Partition Implementation Status
-------------------------------

  No Partitions were found in this design.

-------------------------------

=========================================================================
*                            Design Summary                             *
=========================================================================

Top Level Output File Name         : square_wave.ngc

Primitive and Black Box Usage:
------------------------------
# BELS                             : 67
#      LUT2                        : 7
#      LUT3                        : 6
#      LUT4                        : 27
#      LUT5                        : 7
#      LUT6                        : 9
#      MUXCY                       : 10
#      VCC                         : 1
# FlipFlops/Latches                : 2
#      FD                          : 1
#      LD                          : 1
# Clock Buffers                    : 1
#      BUFGP                       : 1
# IO Buffers                       : 9
#      IBUF                        : 8
#      OBUF                        : 1

Device utilization summary:
---------------------------

Selected Device : 6slx16csg324-3 


Slice Logic Utilization: 
 Number of Slice Registers:               1  out of  18224     0%  
 Number of Slice LUTs:                   56  out of   9112     0%  
    Number used as Logic:                56  out of   9112     0%  

Slice Logic Distribution: 
 Number of LUT Flip Flop pairs used:     56
   Number with an unused Flip Flop:      55  out of     56    98%  
   Number with an unused LUT:             0  out of     56     0%  
   Number of fully used LUT-FF pairs:     1  out of     56     1%  
   Number of unique control sets:         2

IO Utilization: 
 Number of IOs:                          10
 Number of bonded IOBs:                  10  out of    232     4%  
    IOB Flip Flops/Latches:               1

Specific Feature Utilization:
 Number of BUFG/BUFGCTRLs:                1  out of     16     6%  

---------------------------
Partition Resource Summary:
---------------------------

  No Partitions were found in this design.

---------------------------


=========================================================================
Timing Report

NOTE: THESE TIMING NUMBERS ARE ONLY A SYNTHESIS ESTIMATE.
      FOR ACCURATE TIMING INFORMATION PLEASE REFER TO THE TRACE REPORT
      GENERATED AFTER PLACE-and-ROUTE.

Clock Information:
------------------
-----------------------------------+------------------------+-------+
Clock Signal                       | Clock buffer(FF name)  | Load  |
-----------------------------------+------------------------+-------+
clk                                | BUFGP                  | 1     |
sw_tick_G(sw_tick_G:O)             | NONE(*)(sw_tick)       | 1     |
-----------------------------------+------------------------+-------+
(*) This 1 clock signal(s) are generated by combinatorial logic,
and XST is not able to identify which are the primary clock signals.
Please use the CLOCK_SIGNAL constraint to specify the clock signal(s) generated by combinatorial logic.
INFO:Xst:2169 - HDL ADVISOR - Some clock signals were not automatically buffered by XST with BUFG/BUFR resources. Please use the buffer_type constraint in order to insert these buffers to the clock signals to help prevent skew problems.

Asynchronous Control Signals Information:
----------------------------------------
No asynchronous control signals found in this design

Timing Summary:
---------------
Speed Grade: -3

   Minimum period: 5.567ns (Maximum Frequency: 179.640MHz)
   Minimum input arrival time before clock: 8.770ns
   Maximum output required time after clock: 3.597ns
   Maximum combinational path delay: No path found

Timing Details:
---------------
All values displayed in nanoseconds (ns)

=========================================================================
Timing constraint: Default period analysis for Clock 'sw_tick_G'
  Clock period: 5.567ns (frequency: 179.640MHz)
  Total number of paths / destination ports: 4 / 1
-------------------------------------------------------------------------
Delay:               5.567ns (Levels of Logic = 4)
  Source:            sw_tick (LATCH)
  Destination:       sw_tick (LATCH)
  Source Clock:      sw_tick_G falling
  Destination Clock: sw_tick_G falling

  Data Path: sw_tick to sw_tick
                                Gate     Net
    Cell:in->out      fanout   Delay   Delay  Logical Name (Net Name)
    ----------------------------------------  ------------
     LD:G->Q               5   0.498   0.943  sw_tick (sw_tick)
     LUT3:I0->O           12   0.205   1.156  Mmux_n0056121 (Mmux_n005612)
     LUT4:I0->O            7   0.203   1.138  Mmux_n005611 (Madd_sw_counter[10]_GND_1_o_add_11_OUT_lut<10>)
     LUT6:I0->O            2   0.203   0.981  GND_1_o_GND_1_o_equal_3_o111 (GND_1_o_GND_1_o_equal_3_o11)
     LUT6:I0->O            1   0.203   0.000  sw_tick_D (sw_tick_D)
     LD:D                      0.037          sw_tick
    ----------------------------------------
    Total                      5.567ns (1.349ns logic, 4.218ns route)
                                       (24.2% logic, 75.8% route)

=========================================================================
Timing constraint: Default OFFSET IN BEFORE for Clock 'sw_tick_G'
  Total number of paths / destination ports: 240 / 1
-------------------------------------------------------------------------
Offset:              8.770ns (Levels of Logic = 10)
  Source:            n<1> (PAD)
  Destination:       sw_tick (LATCH)
  Destination Clock: sw_tick_G falling

  Data Path: n<1> to sw_tick
                                Gate     Net
    Cell:in->out      fanout   Delay   Delay  Logical Name (Net Name)
    ----------------------------------------  ------------
     IBUF:I->O             8   1.222   1.031  n_1_IBUF (n_1_IBUF)
     LUT3:I0->O            3   0.205   0.898  Mmult__n0062_Madd_xor<6>11 (_n0062<4>)
     LUT4:I0->O            1   0.203   0.000  Mcompar_sw_counter[10]_n[3]_LessThan_11_o_lut<2> (Mcompar_sw_counter[10]_n[3]_LessThan_11_o_lut<2>)
     MUXCY:S->O            1   0.172   0.000  Mcompar_sw_counter[10]_n[3]_LessThan_11_o_cy<2> (Mcompar_sw_counter[10]_n[3]_LessThan_11_o_cy<2>)
     MUXCY:CI->O           1   0.019   0.000  Mcompar_sw_counter[10]_n[3]_LessThan_11_o_cy<3> (Mcompar_sw_counter[10]_n[3]_LessThan_11_o_cy<3>)
     MUXCY:CI->O           1   0.213   0.684  Mcompar_sw_counter[10]_n[3]_LessThan_11_o_cy<4> (Mcompar_sw_counter[10]_n[3]_LessThan_11_o_cy<4>)
     LUT3:I1->O           12   0.203   1.156  Mmux_n0056121 (Mmux_n005612)
     LUT4:I0->O            7   0.203   1.138  Mmux_n005611 (Madd_sw_counter[10]_GND_1_o_add_11_OUT_lut<10>)
     LUT6:I0->O            2   0.203   0.981  GND_1_o_GND_1_o_equal_3_o111 (GND_1_o_GND_1_o_equal_3_o11)
     LUT6:I0->O            1   0.203   0.000  sw_tick_D (sw_tick_D)
     LD:D                      0.037          sw_tick
    ----------------------------------------
    Total                      8.770ns (2.883ns logic, 5.887ns route)
                                       (32.9% logic, 67.1% route)

=========================================================================
Timing constraint: Default OFFSET OUT AFTER for Clock 'clk'
  Total number of paths / destination ports: 1 / 1
-------------------------------------------------------------------------
Offset:              3.597ns (Levels of Logic = 1)
  Source:            sw_reg (FF)
  Destination:       sw (PAD)
  Source Clock:      clk rising

  Data Path: sw_reg to sw
                                Gate     Net
    Cell:in->out      fanout   Delay   Delay  Logical Name (Net Name)
    ----------------------------------------  ------------
     FD:C->Q               1   0.447   0.579  sw_reg (sw_reg)
     OBUF:I->O                 2.571          sw_OBUF (sw)
    ----------------------------------------
    Total                      3.597ns (3.018ns logic, 0.579ns route)
                                       (83.9% logic, 16.1% route)

=========================================================================

Cross Clock Domains Report:
--------------------------

Clock to Setup on destination clock clk
---------------+---------+---------+---------+---------+
               | Src:Rise| Src:Fall| Src:Rise| Src:Fall|
Source Clock   |Dest:Rise|Dest:Rise|Dest:Fall|Dest:Fall|
---------------+---------+---------+---------+---------+
sw_tick_G      |         |    1.314|         |         |
---------------+---------+---------+---------+---------+

Clock to Setup on destination clock sw_tick_G
---------------+---------+---------+---------+---------+
               | Src:Rise| Src:Fall| Src:Rise| Src:Fall|
Source Clock   |Dest:Rise|Dest:Rise|Dest:Fall|Dest:Fall|
---------------+---------+---------+---------+---------+
sw_tick_G      |         |         |    5.567|         |
---------------+---------+---------+---------+---------+

=========================================================================


Total REAL time to Xst completion: 13.00 secs
Total CPU time to Xst completion: 13.01 secs
 
--> 

Total memory usage is 229352 kilobytes

Number of errors   :    0 (   0 filtered)
Number of warnings :    6 (   0 filtered)
Number of infos    :    1 (   0 filtered)

