--------------------------------------------------------------------------------
Release 14.7 Trace  (nt)
Copyright (c) 1995-2013 Xilinx, Inc.  All rights reserved.

C:\Users\Stache\Documents\Xilinx\14.7\ISE_DS\ISE\bin\nt\unwrapped\trce.exe
-intstyle ise -v 3 -s 3 -n 3 -fastpaths -xml square_wave.twx square_wave.ncd -o
square_wave.twr square_wave.pcf -ucf Nexys3_master.ucf

Design file:              square_wave.ncd
Physical constraint file: square_wave.pcf
Device,package,speed:     xc6slx16,csg324,C,-3 (PRODUCTION 1.23 2013-10-13)
Report level:             verbose report

Environment Variable      Effect 
--------------------      ------ 
NONE                      No environment variables were set
--------------------------------------------------------------------------------

INFO:Timing:2698 - No timing constraints found, doing default enumeration.
INFO:Timing:3412 - To improve timing, see the Timing Closure User Guide (UG612).
INFO:Timing:2752 - To get complete path coverage, use the unconstrained paths 
   option. All paths that are not constrained will be reported in the 
   unconstrained paths section(s) of the report.
INFO:Timing:3339 - The clock-to-out numbers in this timing report are based on 
   a 50 Ohm transmission line loading model.  For the details of this model, 
   and for more information on accounting for different loading conditions, 
   please see the device datasheet.



Data Sheet report:
-----------------
All values displayed in nanoseconds (ns)

Clock clk to Pad
------------+-----------------+------------+-----------------+------------+------------------+--------+
            |Max (slowest) clk|  Process   |Min (fastest) clk|  Process   |                  | Clock  |
Destination |  (edge) to PAD  |   Corner   |  (edge) to PAD  |   Corner   |Internal Clock(s) | Phase  |
------------+-----------------+------------+-----------------+------------+------------------+--------+
sw          |         6.286(R)|      SLOW  |         2.910(R)|      FAST  |clk_BUFGP         |   0.000|
------------+-----------------+------------+-----------------+------------+------------------+--------+

Clock to Setup on destination clock clk
---------------+---------+---------+---------+---------+
               | Src:Rise| Src:Fall| Src:Rise| Src:Fall|
Source Clock   |Dest:Rise|Dest:Rise|Dest:Fall|Dest:Fall|
---------------+---------+---------+---------+---------+
m<0>           |         |    5.960|         |         |
m<1>           |         |    5.960|         |         |
m<2>           |         |    5.960|         |         |
m<3>           |         |    5.960|         |         |
n<0>           |         |    5.960|         |         |
n<1>           |         |    5.960|         |         |
n<2>           |         |    5.960|         |         |
n<3>           |         |    5.960|         |         |
---------------+---------+---------+---------+---------+

Clock to Setup on destination clock m<0>
---------------+---------+---------+---------+---------+
               | Src:Rise| Src:Fall| Src:Rise| Src:Fall|
Source Clock   |Dest:Rise|Dest:Rise|Dest:Fall|Dest:Fall|
---------------+---------+---------+---------+---------+
m<0>           |         |         |    3.240|    3.240|
m<1>           |         |         |    3.066|    3.130|
m<2>           |         |         |    2.834|    3.130|
m<3>           |         |         |    3.118|    3.130|
n<0>           |         |         |    2.766|    3.130|
n<1>           |         |         |    2.630|    3.130|
n<2>           |         |         |    2.425|    3.130|
n<3>           |         |         |    2.732|    3.130|
---------------+---------+---------+---------+---------+

Clock to Setup on destination clock m<1>
---------------+---------+---------+---------+---------+
               | Src:Rise| Src:Fall| Src:Rise| Src:Fall|
Source Clock   |Dest:Rise|Dest:Rise|Dest:Fall|Dest:Fall|
---------------+---------+---------+---------+---------+
m<0>           |         |         |    3.347|    3.347|
m<1>           |         |         |    3.173|    3.173|
m<2>           |         |         |    2.941|    3.130|
m<3>           |         |         |    3.225|    3.225|
n<0>           |         |         |    2.873|    3.130|
n<1>           |         |         |    2.737|    3.130|
n<2>           |         |         |    2.532|    3.130|
n<3>           |         |         |    2.839|    3.130|
---------------+---------+---------+---------+---------+

Clock to Setup on destination clock m<2>
---------------+---------+---------+---------+---------+
               | Src:Rise| Src:Fall| Src:Rise| Src:Fall|
Source Clock   |Dest:Rise|Dest:Rise|Dest:Fall|Dest:Fall|
---------------+---------+---------+---------+---------+
m<0>           |         |         |    3.194|    3.194|
m<1>           |         |         |    3.020|    3.130|
m<2>           |         |         |    2.788|    3.130|
m<3>           |         |         |    3.072|    3.130|
n<0>           |         |         |    2.720|    3.130|
n<1>           |         |         |    2.584|    3.130|
n<2>           |         |         |    2.379|    3.130|
n<3>           |         |         |    2.686|    3.130|
---------------+---------+---------+---------+---------+

Clock to Setup on destination clock m<3>
---------------+---------+---------+---------+---------+
               | Src:Rise| Src:Fall| Src:Rise| Src:Fall|
Source Clock   |Dest:Rise|Dest:Rise|Dest:Fall|Dest:Fall|
---------------+---------+---------+---------+---------+
m<0>           |         |         |    3.245|    3.245|
m<1>           |         |         |    3.071|    3.130|
m<2>           |         |         |    2.839|    3.130|
m<3>           |         |         |    3.123|    3.130|
n<0>           |         |         |    2.771|    3.130|
n<1>           |         |         |    2.635|    3.130|
n<2>           |         |         |    2.430|    3.130|
n<3>           |         |         |    2.737|    3.130|
---------------+---------+---------+---------+---------+

Clock to Setup on destination clock n<0>
---------------+---------+---------+---------+---------+
               | Src:Rise| Src:Fall| Src:Rise| Src:Fall|
Source Clock   |Dest:Rise|Dest:Rise|Dest:Fall|Dest:Fall|
---------------+---------+---------+---------+---------+
m<0>           |         |         |    3.319|    3.319|
m<1>           |         |         |    3.145|    3.145|
m<2>           |         |         |    2.913|    3.130|
m<3>           |         |         |    3.197|    3.197|
n<0>           |         |         |    2.845|    3.130|
n<1>           |         |         |    2.709|    3.130|
n<2>           |         |         |    2.504|    3.130|
n<3>           |         |         |    2.811|    3.130|
---------------+---------+---------+---------+---------+

Clock to Setup on destination clock n<1>
---------------+---------+---------+---------+---------+
               | Src:Rise| Src:Fall| Src:Rise| Src:Fall|
Source Clock   |Dest:Rise|Dest:Rise|Dest:Fall|Dest:Fall|
---------------+---------+---------+---------+---------+
m<0>           |         |         |    4.163|    4.163|
m<1>           |         |         |    3.989|    3.989|
m<2>           |         |         |    3.757|    3.757|
m<3>           |         |         |    4.041|    4.041|
n<0>           |         |         |    3.689|    3.689|
n<1>           |         |         |    3.553|    3.553|
n<2>           |         |         |    3.348|    3.348|
n<3>           |         |         |    3.655|    3.655|
---------------+---------+---------+---------+---------+

Clock to Setup on destination clock n<2>
---------------+---------+---------+---------+---------+
               | Src:Rise| Src:Fall| Src:Rise| Src:Fall|
Source Clock   |Dest:Rise|Dest:Rise|Dest:Fall|Dest:Fall|
---------------+---------+---------+---------+---------+
m<0>           |         |         |    3.716|    3.716|
m<1>           |         |         |    3.542|    3.542|
m<2>           |         |         |    3.310|    3.310|
m<3>           |         |         |    3.594|    3.594|
n<0>           |         |         |    3.242|    3.242|
n<1>           |         |         |    3.106|    3.130|
n<2>           |         |         |    2.901|    3.130|
n<3>           |         |         |    3.208|    3.208|
---------------+---------+---------+---------+---------+

Clock to Setup on destination clock n<3>
---------------+---------+---------+---------+---------+
               | Src:Rise| Src:Fall| Src:Rise| Src:Fall|
Source Clock   |Dest:Rise|Dest:Rise|Dest:Fall|Dest:Fall|
---------------+---------+---------+---------+---------+
m<0>           |         |         |    3.008|    3.130|
m<1>           |         |         |    2.834|    3.130|
m<2>           |         |         |    2.602|    3.130|
m<3>           |         |         |    2.886|    3.130|
n<0>           |         |         |    2.534|    3.130|
n<1>           |         |         |    2.398|    3.130|
n<2>           |         |         |    2.193|    3.130|
n<3>           |         |         |    2.500|    3.130|
---------------+---------+---------+---------+---------+


Analysis completed Mon Aug 22 14:55:13 2016 
--------------------------------------------------------------------------------

Trace Settings:
-------------------------
Trace Settings 

Peak Memory Usage: 182 MB



