Release 14.7 - xst P.20131013 (nt)
Copyright (c) 1995-2013 Xilinx, Inc.  All rights reserved.
--> Parameter TMPDIR set to xst/projnav.tmp


Total REAL time to Xst completion: 0.00 secs
Total CPU time to Xst completion: 0.17 secs
 
--> Parameter xsthdpdir set to xst


Total REAL time to Xst completion: 0.00 secs
Total CPU time to Xst completion: 0.18 secs
 
--> Reading design: pong_top_st.prj

TABLE OF CONTENTS
  1) Synthesis Options Summary
  2) HDL Parsing
  3) HDL Elaboration
  4) HDL Synthesis
       4.1) HDL Synthesis Report
  5) Advanced HDL Synthesis
       5.1) Advanced HDL Synthesis Report
  6) Low Level Synthesis
  7) Partition Report
  8) Design Summary
       8.1) Primitive and Black Box Usage
       8.2) Device utilization summary
       8.3) Partition Resource Summary
       8.4) Timing Report
            8.4.1) Clock Information
            8.4.2) Asynchronous Control Signals Information
            8.4.3) Timing Summary
            8.4.4) Timing Details
            8.4.5) Cross Clock Domains Report


=========================================================================
*                      Synthesis Options Summary                        *
=========================================================================
---- Source Parameters
Input File Name                    : "pong_top_st.prj"
Ignore Synthesis Constraint File   : NO

---- Target Parameters
Output File Name                   : "pong_top_st"
Output Format                      : NGC
Target Device                      : xc6slx16-3-csg324

---- Source Options
Top Module Name                    : pong_top_st
Automatic FSM Extraction           : YES
FSM Encoding Algorithm             : Auto
Safe Implementation                : No
FSM Style                          : LUT
RAM Extraction                     : Yes
RAM Style                          : Auto
ROM Extraction                     : Yes
Shift Register Extraction          : YES
ROM Style                          : Auto
Resource Sharing                   : YES
Asynchronous To Synchronous        : NO
Shift Register Minimum Size        : 2
Use DSP Block                      : Auto
Automatic Register Balancing       : No

---- Target Options
LUT Combining                      : Auto
Reduce Control Sets                : Auto
Add IO Buffers                     : YES
Global Maximum Fanout              : 100000
Add Generic Clock Buffer(BUFG)     : 16
Register Duplication               : YES
Optimize Instantiated Primitives   : NO
Use Clock Enable                   : Auto
Use Synchronous Set                : Auto
Use Synchronous Reset              : Auto
Pack IO Registers into IOBs        : Auto
Equivalent register Removal        : YES

---- General Options
Optimization Goal                  : Speed
Optimization Effort                : 1
Power Reduction                    : NO
Keep Hierarchy                     : No
Netlist Hierarchy                  : As_Optimized
RTL Output                         : Yes
Global Optimization                : AllClockNets
Read Cores                         : YES
Write Timing Constraints           : NO
Cross Clock Analysis               : NO
Hierarchy Separator                : /
Bus Delimiter                      : <>
Case Specifier                     : Maintain
Slice Utilization Ratio            : 100
BRAM Utilization Ratio             : 100
DSP48 Utilization Ratio            : 100
Auto BRAM Packing                  : NO
Slice Utilization Ratio Delta      : 5

=========================================================================


=========================================================================
*                          HDL Parsing                                  *
=========================================================================
Analyzing Verilog file "C:\Users\Stache\Documents\Xilinx Projects\learning\chapter13\exercises\svga\list_ch13_03_pong_graph_st.v" into library work
Parsing module <pong_graph_st>.
Analyzing Verilog file "C:\Users\Stache\Documents\Xilinx Projects\learning\chapter13\exercises\svga\list_ch13_01_vga_sync.v" into library work
Parsing module <vga_sync>.
Analyzing Verilog file "C:\Users\Stache\Documents\Xilinx Projects\learning\chapter13\exercises\svga\list_ch13_04_pong_top_st.v" into library work
Parsing module <pong_top_st>.

=========================================================================
*                            HDL Elaboration                            *
=========================================================================

Elaborating module <pong_top_st>.

Elaborating module <vga_sync>.
WARNING:HDLCompiler:413 - "C:\Users\Stache\Documents\Xilinx Projects\learning\chapter13\exercises\svga\list_ch13_01_vga_sync.v" Line 70: Result of 11-bit expression is truncated to fit in 10-bit target.
WARNING:HDLCompiler:413 - "C:\Users\Stache\Documents\Xilinx Projects\learning\chapter13\exercises\svga\list_ch13_01_vga_sync.v" Line 80: Result of 11-bit expression is truncated to fit in 10-bit target.

Elaborating module <pong_graph_st>.
WARNING:HDLCompiler:413 - "C:\Users\Stache\Documents\Xilinx Projects\learning\chapter13\exercises\svga\list_ch13_04_pong_top_st.v" Line 35: Result of 2-bit expression is truncated to fit in 1-bit target.

=========================================================================
*                           HDL Synthesis                               *
=========================================================================

Synthesizing Unit <pong_top_st>.
    Related source file is "C:\Users\Stache\Documents\Xilinx Projects\learning\chapter13\exercises\svga\list_ch13_04_pong_top_st.v".
    Found 1-bit register for signal <master_clk>.
    Found 3-bit register for signal <rgb>.
    Found 1-bit adder for signal <master_clk_PWR_1_o_add_5_OUT<0>> created at line 35.
    Summary:
	inferred   1 Adder/Subtractor(s).
	inferred   4 D-type flip-flop(s).
Unit <pong_top_st> synthesized.

Synthesizing Unit <vga_sync>.
    Related source file is "C:\Users\Stache\Documents\Xilinx Projects\learning\chapter13\exercises\svga\list_ch13_01_vga_sync.v".
    Found 10-bit register for signal <v_count_reg>.
    Found 10-bit register for signal <h_count_reg>.
    Found 1-bit register for signal <v_sync_reg>.
    Found 1-bit register for signal <h_sync_reg>.
    Found 1-bit register for signal <mod2_reg>.
    Found 10-bit adder for signal <h_count_reg[9]_GND_2_o_add_6_OUT> created at line 70.
    Found 10-bit adder for signal <v_count_reg[9]_GND_2_o_add_9_OUT> created at line 80.
    Found 10-bit comparator lessequal for signal <n0020> created at line 86
    Found 10-bit comparator lessequal for signal <n0022> created at line 87
    Found 10-bit comparator lessequal for signal <n0025> created at line 88
    Found 10-bit comparator lessequal for signal <n0027> created at line 89
    Found 10-bit comparator lessequal for signal <n0031> created at line 91
    Found 10-bit comparator lessequal for signal <n0033> created at line 92
    Found 10-bit comparator lessequal for signal <n0036> created at line 93
    Found 10-bit comparator lessequal for signal <n0038> created at line 94
    Found 10-bit comparator greater for signal <h_count_reg[9]_PWR_2_o_LessThan_21_o> created at line 97
    Found 10-bit comparator greater for signal <v_count_reg[9]_PWR_2_o_LessThan_22_o> created at line 97
    Found 10-bit comparator greater for signal <h_count_reg[9]_PWR_2_o_LessThan_23_o> created at line 98
    Found 10-bit comparator greater for signal <v_count_reg[9]_GND_2_o_LessThan_24_o> created at line 98
    Summary:
	inferred   2 Adder/Subtractor(s).
	inferred  23 D-type flip-flop(s).
	inferred  12 Comparator(s).
	inferred   8 Multiplexer(s).
Unit <vga_sync> synthesized.

Synthesizing Unit <pong_graph_st>.
    Related source file is "C:\Users\Stache\Documents\Xilinx Projects\learning\chapter13\exercises\svga\list_ch13_03_pong_graph_st.v".
    Summary:
	inferred   1 Multiplexer(s).
Unit <pong_graph_st> synthesized.

Synthesizing Unit <mod_10u_7u>.
    Related source file is "".
    Found 17-bit adder for signal <n0369> created at line 0.
    Found 17-bit adder for signal <GND_4_o_b[6]_add_1_OUT> created at line 0.
    Found 16-bit adder for signal <n0373> created at line 0.
    Found 16-bit adder for signal <GND_4_o_b[6]_add_3_OUT> created at line 0.
    Found 15-bit adder for signal <n0377> created at line 0.
    Found 15-bit adder for signal <GND_4_o_b[6]_add_5_OUT> created at line 0.
    Found 14-bit adder for signal <n0381> created at line 0.
    Found 14-bit adder for signal <GND_4_o_b[6]_add_7_OUT> created at line 0.
    Found 13-bit adder for signal <n0385> created at line 0.
    Found 13-bit adder for signal <GND_4_o_b[6]_add_9_OUT> created at line 0.
    Found 12-bit adder for signal <n0389> created at line 0.
    Found 12-bit adder for signal <GND_4_o_b[6]_add_11_OUT> created at line 0.
    Found 11-bit adder for signal <n0393> created at line 0.
    Found 11-bit adder for signal <GND_4_o_b[6]_add_13_OUT> created at line 0.
    Found 10-bit adder for signal <n0397> created at line 0.
    Found 10-bit adder for signal <a[9]_b[6]_add_15_OUT> created at line 0.
    Found 10-bit adder for signal <n0401> created at line 0.
    Found 10-bit adder for signal <a[9]_GND_4_o_add_17_OUT> created at line 0.
    Found 10-bit adder for signal <n0405> created at line 0.
    Found 10-bit adder for signal <a[9]_GND_4_o_add_19_OUT> created at line 0.
    Found 10-bit adder for signal <n0409> created at line 0.
    Found 10-bit adder for signal <a[9]_GND_4_o_add_21_OUT> created at line 0.
    Found 17-bit comparator lessequal for signal <BUS_0001> created at line 0
    Found 16-bit comparator lessequal for signal <BUS_0002> created at line 0
    Found 15-bit comparator lessequal for signal <BUS_0003> created at line 0
    Found 14-bit comparator lessequal for signal <BUS_0004> created at line 0
    Found 13-bit comparator lessequal for signal <BUS_0005> created at line 0
    Found 12-bit comparator lessequal for signal <BUS_0006> created at line 0
    Found 11-bit comparator lessequal for signal <BUS_0007> created at line 0
    Found 10-bit comparator lessequal for signal <BUS_0008> created at line 0
    Found 10-bit comparator lessequal for signal <BUS_0009> created at line 0
    Found 10-bit comparator lessequal for signal <BUS_0010> created at line 0
    Found 10-bit comparator lessequal for signal <BUS_0011> created at line 0
    Summary:
	inferred  22 Adder/Subtractor(s).
	inferred  11 Comparator(s).
	inferred 101 Multiplexer(s).
Unit <mod_10u_7u> synthesized.

=========================================================================
HDL Synthesis Report

Macro Statistics
# Adders/Subtractors                                   : 47
 1-bit adder                                           : 1
 10-bit adder                                          : 18
 11-bit adder                                          : 4
 12-bit adder                                          : 4
 13-bit adder                                          : 4
 14-bit adder                                          : 4
 15-bit adder                                          : 4
 16-bit adder                                          : 4
 17-bit adder                                          : 4
# Registers                                            : 7
 1-bit register                                        : 4
 10-bit register                                       : 2
 3-bit register                                        : 1
# Comparators                                          : 34
 10-bit comparator greater                             : 4
 10-bit comparator lessequal                           : 16
 11-bit comparator lessequal                           : 2
 12-bit comparator lessequal                           : 2
 13-bit comparator lessequal                           : 2
 14-bit comparator lessequal                           : 2
 15-bit comparator lessequal                           : 2
 16-bit comparator lessequal                           : 2
 17-bit comparator lessequal                           : 2
# Multiplexers                                         : 211
 1-bit 2-to-1 multiplexer                              : 206
 10-bit 2-to-1 multiplexer                             : 2
 3-bit 2-to-1 multiplexer                              : 1
 7-bit 2-to-1 multiplexer                              : 2

=========================================================================

=========================================================================
*                       Advanced HDL Synthesis                          *
=========================================================================


Synthesizing (advanced) Unit <pong_top_st>.
The following registers are absorbed into counter <master_clk>: 1 register on signal <master_clk>.
Unit <pong_top_st> synthesized (advanced).

Synthesizing (advanced) Unit <vga_sync>.
The following registers are absorbed into counter <v_count_reg>: 1 register on signal <v_count_reg>.
The following registers are absorbed into counter <h_count_reg>: 1 register on signal <h_count_reg>.
Unit <vga_sync> synthesized (advanced).

=========================================================================
Advanced HDL Synthesis Report

Macro Statistics
# Adders/Subtractors                                   : 22
 10-bit adder carry in                                 : 20
 7-bit adder carry in                                  : 2
# Counters                                             : 3
 1-bit up counter                                      : 1
 10-bit up counter                                     : 2
# Registers                                            : 6
 Flip-Flops                                            : 6
# Comparators                                          : 34
 10-bit comparator greater                             : 4
 10-bit comparator lessequal                           : 16
 11-bit comparator lessequal                           : 2
 12-bit comparator lessequal                           : 2
 13-bit comparator lessequal                           : 2
 14-bit comparator lessequal                           : 2
 15-bit comparator lessequal                           : 2
 16-bit comparator lessequal                           : 2
 17-bit comparator lessequal                           : 2
# Multiplexers                                         : 208
 1-bit 2-to-1 multiplexer                              : 206
 7-bit 2-to-1 multiplexer                              : 2

=========================================================================

=========================================================================
*                         Low Level Synthesis                           *
=========================================================================
INFO:Xst:2261 - The FF/Latch <rgb_reg_1> in Unit <pong_top_st> is equivalent to the following FF/Latch, which will be removed : <rgb_reg_2> 
WARNING:Xst:1710 - FF/Latch <rgb_reg_1> (without init value) has a constant value of 0 in block <pong_top_st>. This FF/Latch will be trimmed during the optimization process.

Optimizing unit <pong_top_st> ...

Optimizing unit <vga_sync> ...

Optimizing unit <mod_10u_7u> ...

Mapping all equations...
Building and optimizing final netlist ...
Found area constraint ratio of 100 (+ 5) on block pong_top_st, actual ratio is 2.
FlipFlop vsync_unit/h_count_reg_9 has been replicated 1 time(s)
FlipFlop vsync_unit/v_count_reg_9 has been replicated 1 time(s)

Final Macro Processing ...

=========================================================================
Final Register Report

Macro Statistics
# Registers                                            : 27
 Flip-Flops                                            : 27

=========================================================================

=========================================================================
*                           Partition Report                            *
=========================================================================

Partition Implementation Status
-------------------------------

  No Partitions were found in this design.

-------------------------------

=========================================================================
*                            Design Summary                             *
=========================================================================

Top Level Output File Name         : pong_top_st.ngc

Primitive and Black Box Usage:
------------------------------
# BELS                             : 327
#      GND                         : 1
#      INV                         : 15
#      LUT1                        : 8
#      LUT2                        : 3
#      LUT3                        : 30
#      LUT4                        : 29
#      LUT5                        : 33
#      LUT6                        : 53
#      MUXCY                       : 72
#      VCC                         : 1
#      XORCY                       : 82
# FlipFlops/Latches                : 27
#      FD                          : 1
#      FDC                         : 3
#      FDCE                        : 22
#      FDE                         : 1
# Clock Buffers                    : 2
#      BUFG                        : 1
#      BUFGP                       : 1
# IO Buffers                       : 7
#      IBUF                        : 2
#      OBUF                        : 5

Device utilization summary:
---------------------------

Selected Device : 6slx16csg324-3 


Slice Logic Utilization: 
 Number of Slice Registers:              26  out of  18224     0%  
 Number of Slice LUTs:                  171  out of   9112     1%  
    Number used as Logic:               171  out of   9112     1%  

Slice Logic Distribution: 
 Number of LUT Flip Flop pairs used:    173
   Number with an unused Flip Flop:     147  out of    173    84%  
   Number with an unused LUT:             2  out of    173     1%  
   Number of fully used LUT-FF pairs:    24  out of    173    13%  
   Number of unique control sets:         7

IO Utilization: 
 Number of IOs:                           8
 Number of bonded IOBs:                   8  out of    232     3%  
    IOB Flip Flops/Latches:               1

Specific Feature Utilization:
 Number of BUFG/BUFGCTRLs:                2  out of     16    12%  

---------------------------
Partition Resource Summary:
---------------------------

  No Partitions were found in this design.

---------------------------


=========================================================================
Timing Report

NOTE: THESE TIMING NUMBERS ARE ONLY A SYNTHESIS ESTIMATE.
      FOR ACCURATE TIMING INFORMATION PLEASE REFER TO THE TRACE REPORT
      GENERATED AFTER PLACE-and-ROUTE.

Clock Information:
------------------
-----------------------------------+------------------------+-------+
Clock Signal                       | Clock buffer(FF name)  | Load  |
-----------------------------------+------------------------+-------+
clk                                | BUFGP                  | 2     |
master_clk                         | BUFG                   | 25    |
-----------------------------------+------------------------+-------+

Asynchronous Control Signals Information:
----------------------------------------
No asynchronous control signals found in this design

Timing Summary:
---------------
Speed Grade: -3

   Minimum period: 4.457ns (Maximum Frequency: 224.356MHz)
   Minimum input arrival time before clock: 4.910ns
   Maximum output required time after clock: 3.597ns
   Maximum combinational path delay: No path found

Timing Details:
---------------
All values displayed in nanoseconds (ns)

=========================================================================
Timing constraint: Default period analysis for Clock 'clk'
  Clock period: 1.950ns (frequency: 512.794MHz)
  Total number of paths / destination ports: 1 / 1
-------------------------------------------------------------------------
Delay:               1.950ns (Levels of Logic = 1)
  Source:            master_clk (FF)
  Destination:       master_clk (FF)
  Source Clock:      clk rising
  Destination Clock: clk rising

  Data Path: master_clk to master_clk
                                Gate     Net
    Cell:in->out      fanout   Delay   Delay  Logical Name (Net Name)
    ----------------------------------------  ------------
     FD:C->Q               2   0.447   0.616  master_clk (master_clk)
     INV:I->O              1   0.206   0.579  Mcount_master_clk_xor<0>11_INV_0 (Result)
     FD:D                      0.102          master_clk
    ----------------------------------------
    Total                      1.950ns (0.755ns logic, 1.195ns route)
                                       (38.7% logic, 61.3% route)

=========================================================================
Timing constraint: Default period analysis for Clock 'master_clk'
  Clock period: 4.457ns (frequency: 224.356MHz)
  Total number of paths / destination ports: 1651 / 47
-------------------------------------------------------------------------
Delay:               4.457ns (Levels of Logic = 6)
  Source:            vsync_unit/v_count_reg_0 (FF)
  Destination:       vsync_unit/v_count_reg_2 (FF)
  Source Clock:      master_clk rising
  Destination Clock: master_clk rising

  Data Path: vsync_unit/v_count_reg_0 to vsync_unit/v_count_reg_2
                                Gate     Net
    Cell:in->out      fanout   Delay   Delay  Logical Name (Net Name)
    ----------------------------------------  ------------
     FDCE:C->Q             6   0.447   1.089  vsync_unit/v_count_reg_0 (vsync_unit/v_count_reg_0)
     LUT6:I1->O            9   0.203   0.830  vsync_unit/Mmux_v_end1_SW0 (N3)
     LUT6:I5->O            1   0.205   0.579  vsync_unit/v_end_inv (vsync_unit/v_end_inv)
     MUXCY:CI->O           1   0.019   0.000  vsync_unit/Mcount_v_count_reg_cy<0> (vsync_unit/Mcount_v_count_reg_cy<0>)
     MUXCY:CI->O           1   0.019   0.000  vsync_unit/Mcount_v_count_reg_cy<1> (vsync_unit/Mcount_v_count_reg_cy<1>)
     XORCY:CI->O           1   0.180   0.580  vsync_unit/Mcount_v_count_reg_xor<2> (vsync_unit/Mcount_v_count_reg2)
     LUT3:I2->O            1   0.205   0.000  vsync_unit/v_count_reg_2_dpot (vsync_unit/v_count_reg_2_dpot)
     FDCE:D                    0.102          vsync_unit/v_count_reg_2
    ----------------------------------------
    Total                      4.457ns (1.380ns logic, 3.077ns route)
                                       (31.0% logic, 69.0% route)

=========================================================================
Timing constraint: Default OFFSET IN BEFORE for Clock 'clk'
  Total number of paths / destination ports: 1 / 1
-------------------------------------------------------------------------
Offset:              3.044ns (Levels of Logic = 2)
  Source:            sw_svga (PAD)
  Destination:       rgb_reg_0 (FF)
  Destination Clock: clk rising

  Data Path: sw_svga to rgb_reg_0
                                Gate     Net
    Cell:in->out      fanout   Delay   Delay  Logical Name (Net Name)
    ----------------------------------------  ------------
     IBUF:I->O            24   1.222   1.517  sw_svga_IBUF (sw_svga_IBUF)
     LUT6:I1->O            1   0.203   0.000  pong_grf_unit/Mmux_graph_rgb112 (rgb_next<0>)
     FDE:D                     0.102          rgb_reg_0
    ----------------------------------------
    Total                      3.044ns (1.527ns logic, 1.517ns route)
                                       (50.2% logic, 49.8% route)

=========================================================================
Timing constraint: Default OFFSET IN BEFORE for Clock 'master_clk'
  Total number of paths / destination ports: 180 / 59
-------------------------------------------------------------------------
Offset:              4.910ns (Levels of Logic = 3)
  Source:            sw_svga (PAD)
  Destination:       vsync_unit/v_count_reg_9 (FF)
  Destination Clock: master_clk rising

  Data Path: sw_svga to vsync_unit/v_count_reg_9
                                Gate     Net
    Cell:in->out      fanout   Delay   Delay  Logical Name (Net Name)
    ----------------------------------------  ------------
     IBUF:I->O            24   1.222   1.401  sw_svga_IBUF (sw_svga_IBUF)
     LUT3:I0->O            3   0.205   0.755  vsync_unit/pixel_tick_h_end_AND_1_o2_SW5 (N33)
     LUT5:I3->O            8   0.203   0.802  vsync_unit/pixel_tick_h_end_AND_1_o1 (vsync_unit/pixel_tick_h_end_AND_1_o)
     FDCE:CE                   0.322          vsync_unit/v_count_reg_3
    ----------------------------------------
    Total                      4.910ns (1.952ns logic, 2.958ns route)
                                       (39.8% logic, 60.2% route)

=========================================================================
Timing constraint: Default OFFSET OUT AFTER for Clock 'clk'
  Total number of paths / destination ports: 1 / 1
-------------------------------------------------------------------------
Offset:              3.597ns (Levels of Logic = 1)
  Source:            rgb_reg_0 (FF)
  Destination:       rgb<0> (PAD)
  Source Clock:      clk rising

  Data Path: rgb_reg_0 to rgb<0>
                                Gate     Net
    Cell:in->out      fanout   Delay   Delay  Logical Name (Net Name)
    ----------------------------------------  ------------
     FDE:C->Q              1   0.447   0.579  rgb_reg_0 (rgb_reg_0)
     OBUF:I->O                 2.571          rgb_0_OBUF (rgb<0>)
    ----------------------------------------
    Total                      3.597ns (3.018ns logic, 0.579ns route)
                                       (83.9% logic, 16.1% route)

=========================================================================
Timing constraint: Default OFFSET OUT AFTER for Clock 'master_clk'
  Total number of paths / destination ports: 2 / 2
-------------------------------------------------------------------------
Offset:              3.597ns (Levels of Logic = 1)
  Source:            vsync_unit/h_sync_reg (FF)
  Destination:       hsync (PAD)
  Source Clock:      master_clk rising

  Data Path: vsync_unit/h_sync_reg to hsync
                                Gate     Net
    Cell:in->out      fanout   Delay   Delay  Logical Name (Net Name)
    ----------------------------------------  ------------
     FDC:C->Q              1   0.447   0.579  vsync_unit/h_sync_reg (vsync_unit/h_sync_reg)
     OBUF:I->O                 2.571          hsync_OBUF (hsync)
    ----------------------------------------
    Total                      3.597ns (3.018ns logic, 0.579ns route)
                                       (83.9% logic, 16.1% route)

=========================================================================

Cross Clock Domains Report:
--------------------------

Clock to Setup on destination clock clk
---------------+---------+---------+---------+---------+
               | Src:Rise| Src:Fall| Src:Rise| Src:Fall|
Source Clock   |Dest:Rise|Dest:Rise|Dest:Fall|Dest:Fall|
---------------+---------+---------+---------+---------+
clk            |    1.950|         |         |         |
master_clk     |   17.242|         |         |         |
---------------+---------+---------+---------+---------+

Clock to Setup on destination clock master_clk
---------------+---------+---------+---------+---------+
               | Src:Rise| Src:Fall| Src:Rise| Src:Fall|
Source Clock   |Dest:Rise|Dest:Rise|Dest:Fall|Dest:Fall|
---------------+---------+---------+---------+---------+
clk            |    1.371|         |         |         |
master_clk     |    4.457|         |         |         |
---------------+---------+---------+---------+---------+

=========================================================================


Total REAL time to Xst completion: 10.00 secs
Total CPU time to Xst completion: 9.52 secs
 
--> 

Total memory usage is 231080 kilobytes

Number of errors   :    0 (   0 filtered)
Number of warnings :    4 (   0 filtered)
Number of infos    :    1 (   0 filtered)

