--------------------------------------------------------------------------------
Release 14.7 Trace  (nt)
Copyright (c) 1995-2013 Xilinx, Inc.  All rights reserved.

C:\Users\Stache\Documents\Xilinx\14.7\ISE_DS\ISE\bin\nt\unwrapped\trce.exe
-intstyle ise -v 3 -s 3 -n 3 -fastpaths -xml pong_top.twx pong_top.ncd -o
pong_top.twr pong_top.pcf -ucf Nexys3_master.ucf

Design file:              pong_top.ncd
Physical constraint file: pong_top.pcf
Device,package,speed:     xc6slx16,csg324,C,-3 (PRODUCTION 1.23 2013-10-13)
Report level:             verbose report

Environment Variable      Effect 
--------------------      ------ 
NONE                      No environment variables were set
--------------------------------------------------------------------------------

INFO:Timing:3412 - To improve timing, see the Timing Closure User Guide (UG612).
INFO:Timing:2752 - To get complete path coverage, use the unconstrained paths 
   option. All paths that are not constrained will be reported in the 
   unconstrained paths section(s) of the report.
INFO:Timing:3339 - The clock-to-out numbers in this timing report are based on 
   a 50 Ohm transmission line loading model.  For the details of this model, 
   and for more information on accounting for different loading conditions, 
   please see the device datasheet.

================================================================================
Timing constraint: TS_sys_clk_pin = PERIOD TIMEGRP "sys_clk_pin" 100 MHz HIGH 
50%;
For more information, see Period Analysis in the Timing Closure User Guide (UG612).

 41 paths analyzed, 22 endpoints analyzed, 0 failing endpoints
 0 timing errors detected. (0 setup errors, 0 hold errors, 0 component switching limit errors)
 Minimum period is   4.046ns.
--------------------------------------------------------------------------------

Paths for end point state_reg_FSM_FFd2 (SLICE_X10Y41.B4), 4 paths
--------------------------------------------------------------------------------
Slack (setup path):     5.954ns (requirement - (data path - clock path skew + uncertainty))
  Source:               state_reg_FSM_FFd1 (FF)
  Destination:          state_reg_FSM_FFd2 (FF)
  Requirement:          10.000ns
  Data Path Delay:      4.011ns (Levels of Logic = 4)
  Clock Path Skew:      0.000ns
  Source Clock:         clk_BUFGP rising at 0.000ns
  Destination Clock:    clk_BUFGP rising at 10.000ns
  Clock Uncertainty:    0.035ns

  Clock Uncertainty:          0.035ns  ((TSJ^2 + TIJ^2)^1/2 + DJ) / 2 + PE
    Total System Jitter (TSJ):  0.070ns
    Total Input Jitter (TIJ):   0.000ns
    Discrete Jitter (DJ):       0.000ns
    Phase Error (PE):           0.000ns

  Maximum Data Path at Slow Process Corner: state_reg_FSM_FFd1 to state_reg_FSM_FFd2
    Location             Delay type         Delay(ns)  Physical Resource
                                                       Logical Resource(s)
    -------------------------------------------------  -------------------
    SLICE_X10Y41.AQ      Tcko                  0.447   state_reg_FSM_FFd2
                                                       state_reg_FSM_FFd1
    SLICE_X7Y39.D4       net (fanout=33)       0.995   state_reg_FSM_FFd1
    SLICE_X7Y39.D        Tilo                  0.259   graph_unit/bar_y_reg<3>
                                                       state_reg__n0117<0>1
    SLICE_X8Y39.A3       net (fanout=9)        0.589   gra_still
    SLICE_X8Y39.A        Tilo                  0.205   _n0108_inv
                                                       graph_unit/Mmux_hit11
    SLICE_X10Y41.C3      net (fanout=11)       0.754   hit
    SLICE_X10Y41.C       Tilo                  0.204   state_reg_FSM_FFd2
                                                       state_reg_FSM_FFd2-In_SW0
    SLICE_X10Y41.B4      net (fanout=1)        0.269   N0
    SLICE_X10Y41.CLK     Tas                   0.289   state_reg_FSM_FFd2
                                                       state_reg_FSM_FFd2-In
                                                       state_reg_FSM_FFd2
    -------------------------------------------------  ---------------------------
    Total                                      4.011ns (1.404ns logic, 2.607ns route)
                                                       (35.0% logic, 65.0% route)

--------------------------------------------------------------------------------
Slack (setup path):     5.966ns (requirement - (data path - clock path skew + uncertainty))
  Source:               state_reg_FSM_FFd2 (FF)
  Destination:          state_reg_FSM_FFd2 (FF)
  Requirement:          10.000ns
  Data Path Delay:      3.999ns (Levels of Logic = 4)
  Clock Path Skew:      0.000ns
  Source Clock:         clk_BUFGP rising at 0.000ns
  Destination Clock:    clk_BUFGP rising at 10.000ns
  Clock Uncertainty:    0.035ns

  Clock Uncertainty:          0.035ns  ((TSJ^2 + TIJ^2)^1/2 + DJ) / 2 + PE
    Total System Jitter (TSJ):  0.070ns
    Total Input Jitter (TIJ):   0.000ns
    Discrete Jitter (DJ):       0.000ns
    Phase Error (PE):           0.000ns

  Maximum Data Path at Slow Process Corner: state_reg_FSM_FFd2 to state_reg_FSM_FFd2
    Location             Delay type         Delay(ns)  Physical Resource
                                                       Logical Resource(s)
    -------------------------------------------------  -------------------
    SLICE_X10Y41.BQ      Tcko                  0.447   state_reg_FSM_FFd2
                                                       state_reg_FSM_FFd2
    SLICE_X7Y39.D5       net (fanout=34)       0.983   state_reg_FSM_FFd2
    SLICE_X7Y39.D        Tilo                  0.259   graph_unit/bar_y_reg<3>
                                                       state_reg__n0117<0>1
    SLICE_X8Y39.A3       net (fanout=9)        0.589   gra_still
    SLICE_X8Y39.A        Tilo                  0.205   _n0108_inv
                                                       graph_unit/Mmux_hit11
    SLICE_X10Y41.C3      net (fanout=11)       0.754   hit
    SLICE_X10Y41.C       Tilo                  0.204   state_reg_FSM_FFd2
                                                       state_reg_FSM_FFd2-In_SW0
    SLICE_X10Y41.B4      net (fanout=1)        0.269   N0
    SLICE_X10Y41.CLK     Tas                   0.289   state_reg_FSM_FFd2
                                                       state_reg_FSM_FFd2-In
                                                       state_reg_FSM_FFd2
    -------------------------------------------------  ---------------------------
    Total                                      3.999ns (1.404ns logic, 2.595ns route)
                                                       (35.1% logic, 64.9% route)

--------------------------------------------------------------------------------
Slack (setup path):     7.929ns (requirement - (data path - clock path skew + uncertainty))
  Source:               ball_reg_1 (FF)
  Destination:          state_reg_FSM_FFd2 (FF)
  Requirement:          10.000ns
  Data Path Delay:      2.017ns (Levels of Logic = 2)
  Clock Path Skew:      -0.019ns (0.249 - 0.268)
  Source Clock:         clk_BUFGP rising at 0.000ns
  Destination Clock:    clk_BUFGP rising at 10.000ns
  Clock Uncertainty:    0.035ns

  Clock Uncertainty:          0.035ns  ((TSJ^2 + TIJ^2)^1/2 + DJ) / 2 + PE
    Total System Jitter (TSJ):  0.070ns
    Total Input Jitter (TIJ):   0.000ns
    Discrete Jitter (DJ):       0.000ns
    Phase Error (PE):           0.000ns

  Maximum Data Path at Slow Process Corner: ball_reg_1 to state_reg_FSM_FFd2
    Location             Delay type         Delay(ns)  Physical Resource
                                                       Logical Resource(s)
    -------------------------------------------------  -------------------
    SLICE_X9Y39.BQ       Tcko                  0.391   ball_reg<1>
                                                       ball_reg_1
    SLICE_X10Y41.C1      net (fanout=3)        0.864   ball_reg<1>
    SLICE_X10Y41.C       Tilo                  0.204   state_reg_FSM_FFd2
                                                       state_reg_FSM_FFd2-In_SW0
    SLICE_X10Y41.B4      net (fanout=1)        0.269   N0
    SLICE_X10Y41.CLK     Tas                   0.289   state_reg_FSM_FFd2
                                                       state_reg_FSM_FFd2-In
                                                       state_reg_FSM_FFd2
    -------------------------------------------------  ---------------------------
    Total                                      2.017ns (0.884ns logic, 1.133ns route)
                                                       (43.8% logic, 56.2% route)

--------------------------------------------------------------------------------

Paths for end point ball_reg_1 (SLICE_X9Y39.CE), 6 paths
--------------------------------------------------------------------------------
Slack (setup path):     6.030ns (requirement - (data path - clock path skew + uncertainty))
  Source:               state_reg_FSM_FFd1 (FF)
  Destination:          ball_reg_1 (FF)
  Requirement:          10.000ns
  Data Path Delay:      3.926ns (Levels of Logic = 3)
  Clock Path Skew:      -0.009ns (0.254 - 0.263)
  Source Clock:         clk_BUFGP rising at 0.000ns
  Destination Clock:    clk_BUFGP rising at 10.000ns
  Clock Uncertainty:    0.035ns

  Clock Uncertainty:          0.035ns  ((TSJ^2 + TIJ^2)^1/2 + DJ) / 2 + PE
    Total System Jitter (TSJ):  0.070ns
    Total Input Jitter (TIJ):   0.000ns
    Discrete Jitter (DJ):       0.000ns
    Phase Error (PE):           0.000ns

  Maximum Data Path at Slow Process Corner: state_reg_FSM_FFd1 to ball_reg_1
    Location             Delay type         Delay(ns)  Physical Resource
                                                       Logical Resource(s)
    -------------------------------------------------  -------------------
    SLICE_X10Y41.AQ      Tcko                  0.447   state_reg_FSM_FFd2
                                                       state_reg_FSM_FFd1
    SLICE_X7Y39.D4       net (fanout=33)       0.995   state_reg_FSM_FFd1
    SLICE_X7Y39.D        Tilo                  0.259   graph_unit/bar_y_reg<3>
                                                       state_reg__n0117<0>1
    SLICE_X8Y39.A3       net (fanout=9)        0.589   gra_still
    SLICE_X8Y39.A        Tilo                  0.205   _n0108_inv
                                                       graph_unit/Mmux_hit11
    SLICE_X8Y39.C1       net (fanout=11)       0.473   hit
    SLICE_X8Y39.C        Tilo                  0.205   _n0108_inv
                                                       _n0108_inv1
    SLICE_X9Y39.CE       net (fanout=1)        0.429   _n0108_inv
    SLICE_X9Y39.CLK      Tceck                 0.324   ball_reg<1>
                                                       ball_reg_1
    -------------------------------------------------  ---------------------------
    Total                                      3.926ns (1.440ns logic, 2.486ns route)
                                                       (36.7% logic, 63.3% route)

--------------------------------------------------------------------------------
Slack (setup path):     6.042ns (requirement - (data path - clock path skew + uncertainty))
  Source:               state_reg_FSM_FFd2 (FF)
  Destination:          ball_reg_1 (FF)
  Requirement:          10.000ns
  Data Path Delay:      3.914ns (Levels of Logic = 3)
  Clock Path Skew:      -0.009ns (0.254 - 0.263)
  Source Clock:         clk_BUFGP rising at 0.000ns
  Destination Clock:    clk_BUFGP rising at 10.000ns
  Clock Uncertainty:    0.035ns

  Clock Uncertainty:          0.035ns  ((TSJ^2 + TIJ^2)^1/2 + DJ) / 2 + PE
    Total System Jitter (TSJ):  0.070ns
    Total Input Jitter (TIJ):   0.000ns
    Discrete Jitter (DJ):       0.000ns
    Phase Error (PE):           0.000ns

  Maximum Data Path at Slow Process Corner: state_reg_FSM_FFd2 to ball_reg_1
    Location             Delay type         Delay(ns)  Physical Resource
                                                       Logical Resource(s)
    -------------------------------------------------  -------------------
    SLICE_X10Y41.BQ      Tcko                  0.447   state_reg_FSM_FFd2
                                                       state_reg_FSM_FFd2
    SLICE_X7Y39.D5       net (fanout=34)       0.983   state_reg_FSM_FFd2
    SLICE_X7Y39.D        Tilo                  0.259   graph_unit/bar_y_reg<3>
                                                       state_reg__n0117<0>1
    SLICE_X8Y39.A3       net (fanout=9)        0.589   gra_still
    SLICE_X8Y39.A        Tilo                  0.205   _n0108_inv
                                                       graph_unit/Mmux_hit11
    SLICE_X8Y39.C1       net (fanout=11)       0.473   hit
    SLICE_X8Y39.C        Tilo                  0.205   _n0108_inv
                                                       _n0108_inv1
    SLICE_X9Y39.CE       net (fanout=1)        0.429   _n0108_inv
    SLICE_X9Y39.CLK      Tceck                 0.324   ball_reg<1>
                                                       ball_reg_1
    -------------------------------------------------  ---------------------------
    Total                                      3.914ns (1.440ns logic, 2.474ns route)
                                                       (36.8% logic, 63.2% route)

--------------------------------------------------------------------------------
Slack (setup path):     6.432ns (requirement - (data path - clock path skew + uncertainty))
  Source:               state_reg_FSM_FFd2 (FF)
  Destination:          ball_reg_1 (FF)
  Requirement:          10.000ns
  Data Path Delay:      3.524ns (Levels of Logic = 3)
  Clock Path Skew:      -0.009ns (0.254 - 0.263)
  Source Clock:         clk_BUFGP rising at 0.000ns
  Destination Clock:    clk_BUFGP rising at 10.000ns
  Clock Uncertainty:    0.035ns

  Clock Uncertainty:          0.035ns  ((TSJ^2 + TIJ^2)^1/2 + DJ) / 2 + PE
    Total System Jitter (TSJ):  0.070ns
    Total Input Jitter (TIJ):   0.000ns
    Discrete Jitter (DJ):       0.000ns
    Phase Error (PE):           0.000ns

  Maximum Data Path at Slow Process Corner: state_reg_FSM_FFd2 to ball_reg_1
    Location             Delay type         Delay(ns)  Physical Resource
                                                       Logical Resource(s)
    -------------------------------------------------  -------------------
    SLICE_X10Y41.BQ      Tcko                  0.447   state_reg_FSM_FFd2
                                                       state_reg_FSM_FFd2
    SLICE_X9Y38.A5       net (fanout=34)       0.675   state_reg_FSM_FFd2
    SLICE_X9Y38.A        Tilo                  0.259   timer_unit/Mcount_timer_reg2
                                                       graph_unit/Mmux_miss11
    SLICE_X9Y38.C2       net (fanout=1)        0.427   graph_unit/Mmux_miss1
    SLICE_X9Y38.C        Tilo                  0.259   timer_unit/Mcount_timer_reg2
                                                       graph_unit/Mmux_miss13
    SLICE_X8Y39.C3       net (fanout=11)       0.499   miss
    SLICE_X8Y39.C        Tilo                  0.205   _n0108_inv
                                                       _n0108_inv1
    SLICE_X9Y39.CE       net (fanout=1)        0.429   _n0108_inv
    SLICE_X9Y39.CLK      Tceck                 0.324   ball_reg<1>
                                                       ball_reg_1
    -------------------------------------------------  ---------------------------
    Total                                      3.524ns (1.494ns logic, 2.030ns route)
                                                       (42.4% logic, 57.6% route)

--------------------------------------------------------------------------------

Paths for end point ball_reg_0 (SLICE_X9Y39.CE), 6 paths
--------------------------------------------------------------------------------
Slack (setup path):     6.059ns (requirement - (data path - clock path skew + uncertainty))
  Source:               state_reg_FSM_FFd1 (FF)
  Destination:          ball_reg_0 (FF)
  Requirement:          10.000ns
  Data Path Delay:      3.897ns (Levels of Logic = 3)
  Clock Path Skew:      -0.009ns (0.254 - 0.263)
  Source Clock:         clk_BUFGP rising at 0.000ns
  Destination Clock:    clk_BUFGP rising at 10.000ns
  Clock Uncertainty:    0.035ns

  Clock Uncertainty:          0.035ns  ((TSJ^2 + TIJ^2)^1/2 + DJ) / 2 + PE
    Total System Jitter (TSJ):  0.070ns
    Total Input Jitter (TIJ):   0.000ns
    Discrete Jitter (DJ):       0.000ns
    Phase Error (PE):           0.000ns

  Maximum Data Path at Slow Process Corner: state_reg_FSM_FFd1 to ball_reg_0
    Location             Delay type         Delay(ns)  Physical Resource
                                                       Logical Resource(s)
    -------------------------------------------------  -------------------
    SLICE_X10Y41.AQ      Tcko                  0.447   state_reg_FSM_FFd2
                                                       state_reg_FSM_FFd1
    SLICE_X7Y39.D4       net (fanout=33)       0.995   state_reg_FSM_FFd1
    SLICE_X7Y39.D        Tilo                  0.259   graph_unit/bar_y_reg<3>
                                                       state_reg__n0117<0>1
    SLICE_X8Y39.A3       net (fanout=9)        0.589   gra_still
    SLICE_X8Y39.A        Tilo                  0.205   _n0108_inv
                                                       graph_unit/Mmux_hit11
    SLICE_X8Y39.C1       net (fanout=11)       0.473   hit
    SLICE_X8Y39.C        Tilo                  0.205   _n0108_inv
                                                       _n0108_inv1
    SLICE_X9Y39.CE       net (fanout=1)        0.429   _n0108_inv
    SLICE_X9Y39.CLK      Tceck                 0.295   ball_reg<1>
                                                       ball_reg_0
    -------------------------------------------------  ---------------------------
    Total                                      3.897ns (1.411ns logic, 2.486ns route)
                                                       (36.2% logic, 63.8% route)

--------------------------------------------------------------------------------
Slack (setup path):     6.071ns (requirement - (data path - clock path skew + uncertainty))
  Source:               state_reg_FSM_FFd2 (FF)
  Destination:          ball_reg_0 (FF)
  Requirement:          10.000ns
  Data Path Delay:      3.885ns (Levels of Logic = 3)
  Clock Path Skew:      -0.009ns (0.254 - 0.263)
  Source Clock:         clk_BUFGP rising at 0.000ns
  Destination Clock:    clk_BUFGP rising at 10.000ns
  Clock Uncertainty:    0.035ns

  Clock Uncertainty:          0.035ns  ((TSJ^2 + TIJ^2)^1/2 + DJ) / 2 + PE
    Total System Jitter (TSJ):  0.070ns
    Total Input Jitter (TIJ):   0.000ns
    Discrete Jitter (DJ):       0.000ns
    Phase Error (PE):           0.000ns

  Maximum Data Path at Slow Process Corner: state_reg_FSM_FFd2 to ball_reg_0
    Location             Delay type         Delay(ns)  Physical Resource
                                                       Logical Resource(s)
    -------------------------------------------------  -------------------
    SLICE_X10Y41.BQ      Tcko                  0.447   state_reg_FSM_FFd2
                                                       state_reg_FSM_FFd2
    SLICE_X7Y39.D5       net (fanout=34)       0.983   state_reg_FSM_FFd2
    SLICE_X7Y39.D        Tilo                  0.259   graph_unit/bar_y_reg<3>
                                                       state_reg__n0117<0>1
    SLICE_X8Y39.A3       net (fanout=9)        0.589   gra_still
    SLICE_X8Y39.A        Tilo                  0.205   _n0108_inv
                                                       graph_unit/Mmux_hit11
    SLICE_X8Y39.C1       net (fanout=11)       0.473   hit
    SLICE_X8Y39.C        Tilo                  0.205   _n0108_inv
                                                       _n0108_inv1
    SLICE_X9Y39.CE       net (fanout=1)        0.429   _n0108_inv
    SLICE_X9Y39.CLK      Tceck                 0.295   ball_reg<1>
                                                       ball_reg_0
    -------------------------------------------------  ---------------------------
    Total                                      3.885ns (1.411ns logic, 2.474ns route)
                                                       (36.3% logic, 63.7% route)

--------------------------------------------------------------------------------
Slack (setup path):     6.461ns (requirement - (data path - clock path skew + uncertainty))
  Source:               state_reg_FSM_FFd2 (FF)
  Destination:          ball_reg_0 (FF)
  Requirement:          10.000ns
  Data Path Delay:      3.495ns (Levels of Logic = 3)
  Clock Path Skew:      -0.009ns (0.254 - 0.263)
  Source Clock:         clk_BUFGP rising at 0.000ns
  Destination Clock:    clk_BUFGP rising at 10.000ns
  Clock Uncertainty:    0.035ns

  Clock Uncertainty:          0.035ns  ((TSJ^2 + TIJ^2)^1/2 + DJ) / 2 + PE
    Total System Jitter (TSJ):  0.070ns
    Total Input Jitter (TIJ):   0.000ns
    Discrete Jitter (DJ):       0.000ns
    Phase Error (PE):           0.000ns

  Maximum Data Path at Slow Process Corner: state_reg_FSM_FFd2 to ball_reg_0
    Location             Delay type         Delay(ns)  Physical Resource
                                                       Logical Resource(s)
    -------------------------------------------------  -------------------
    SLICE_X10Y41.BQ      Tcko                  0.447   state_reg_FSM_FFd2
                                                       state_reg_FSM_FFd2
    SLICE_X9Y38.A5       net (fanout=34)       0.675   state_reg_FSM_FFd2
    SLICE_X9Y38.A        Tilo                  0.259   timer_unit/Mcount_timer_reg2
                                                       graph_unit/Mmux_miss11
    SLICE_X9Y38.C2       net (fanout=1)        0.427   graph_unit/Mmux_miss1
    SLICE_X9Y38.C        Tilo                  0.259   timer_unit/Mcount_timer_reg2
                                                       graph_unit/Mmux_miss13
    SLICE_X8Y39.C3       net (fanout=11)       0.499   miss
    SLICE_X8Y39.C        Tilo                  0.205   _n0108_inv
                                                       _n0108_inv1
    SLICE_X9Y39.CE       net (fanout=1)        0.429   _n0108_inv
    SLICE_X9Y39.CLK      Tceck                 0.295   ball_reg<1>
                                                       ball_reg_0
    -------------------------------------------------  ---------------------------
    Total                                      3.495ns (1.465ns logic, 2.030ns route)
                                                       (41.9% logic, 58.1% route)

--------------------------------------------------------------------------------

Hold Paths: TS_sys_clk_pin = PERIOD TIMEGRP "sys_clk_pin" 100 MHz HIGH 50%;
--------------------------------------------------------------------------------

Paths for end point master_clk (SLICE_X16Y33.D6), 1 path
--------------------------------------------------------------------------------
Slack (hold path):      0.415ns (requirement - (clock path skew + uncertainty - data path))
  Source:               master_clk (FF)
  Destination:          master_clk (FF)
  Requirement:          0.000ns
  Data Path Delay:      0.415ns (Levels of Logic = 1)
  Clock Path Skew:      0.000ns
  Source Clock:         clk_BUFGP rising at 10.000ns
  Destination Clock:    clk_BUFGP rising at 10.000ns
  Clock Uncertainty:    0.000ns

  Minimum Data Path at Fast Process Corner: master_clk to master_clk
    Location             Delay type         Delay(ns)  Physical Resource
                                                       Logical Resource(s)
    -------------------------------------------------  -------------------
    SLICE_X16Y33.DQ      Tcko                  0.200   master_clk
                                                       master_clk
    SLICE_X16Y33.D6      net (fanout=2)        0.025   master_clk
    SLICE_X16Y33.CLK     Tah         (-Th)    -0.190   master_clk
                                                       Mcount_master_clk_xor<0>11_INV_0
                                                       master_clk
    -------------------------------------------------  ---------------------------
    Total                                      0.415ns (0.390ns logic, 0.025ns route)
                                                       (94.0% logic, 6.0% route)

--------------------------------------------------------------------------------

Paths for end point ball_reg_0 (SLICE_X9Y39.A6), 1 path
--------------------------------------------------------------------------------
Slack (hold path):      0.453ns (requirement - (clock path skew + uncertainty - data path))
  Source:               ball_reg_0 (FF)
  Destination:          ball_reg_0 (FF)
  Requirement:          0.000ns
  Data Path Delay:      0.453ns (Levels of Logic = 1)
  Clock Path Skew:      0.000ns
  Source Clock:         clk_BUFGP rising at 10.000ns
  Destination Clock:    clk_BUFGP rising at 10.000ns
  Clock Uncertainty:    0.000ns

  Minimum Data Path at Fast Process Corner: ball_reg_0 to ball_reg_0
    Location             Delay type         Delay(ns)  Physical Resource
                                                       Logical Resource(s)
    -------------------------------------------------  -------------------
    SLICE_X9Y39.AQ       Tcko                  0.198   ball_reg<1>
                                                       ball_reg_0
    SLICE_X9Y39.A6       net (fanout=4)        0.040   ball_reg<0>
    SLICE_X9Y39.CLK      Tah         (-Th)    -0.215   ball_reg<1>
                                                       _n0098<0>1
                                                       ball_reg_0
    -------------------------------------------------  ---------------------------
    Total                                      0.453ns (0.413ns logic, 0.040ns route)
                                                       (91.2% logic, 8.8% route)

--------------------------------------------------------------------------------

Paths for end point state_reg_FSM_FFd1 (SLICE_X10Y41.A6), 1 path
--------------------------------------------------------------------------------
Slack (hold path):      0.482ns (requirement - (clock path skew + uncertainty - data path))
  Source:               state_reg_FSM_FFd1 (FF)
  Destination:          state_reg_FSM_FFd1 (FF)
  Requirement:          0.000ns
  Data Path Delay:      0.482ns (Levels of Logic = 1)
  Clock Path Skew:      0.000ns
  Source Clock:         clk_BUFGP rising at 10.000ns
  Destination Clock:    clk_BUFGP rising at 10.000ns
  Clock Uncertainty:    0.000ns

  Minimum Data Path at Fast Process Corner: state_reg_FSM_FFd1 to state_reg_FSM_FFd1
    Location             Delay type         Delay(ns)  Physical Resource
                                                       Logical Resource(s)
    -------------------------------------------------  -------------------
    SLICE_X10Y41.AQ      Tcko                  0.234   state_reg_FSM_FFd2
                                                       state_reg_FSM_FFd1
    SLICE_X10Y41.A6      net (fanout=33)       0.051   state_reg_FSM_FFd1
    SLICE_X10Y41.CLK     Tah         (-Th)    -0.197   state_reg_FSM_FFd2
                                                       state_reg_FSM_FFd1-In
                                                       state_reg_FSM_FFd1
    -------------------------------------------------  ---------------------------
    Total                                      0.482ns (0.431ns logic, 0.051ns route)
                                                       (89.4% logic, 10.6% route)

--------------------------------------------------------------------------------

Component Switching Limit Checks: TS_sys_clk_pin = PERIOD TIMEGRP "sys_clk_pin" 100 MHz HIGH 50%;
--------------------------------------------------------------------------------
Slack: 8.270ns (period - min period limit)
  Period: 10.000ns
  Min period limit: 1.730ns (578.035MHz) (Tbcper_I)
  Physical resource: clk_BUFGP/BUFG/I0
  Logical resource: clk_BUFGP/BUFG/I0
  Location pin: BUFGMUX_X3Y13.I0
  Clock network: clk_BUFGP/IBUFG
--------------------------------------------------------------------------------
Slack: 9.570ns (period - min period limit)
  Period: 10.000ns
  Min period limit: 0.430ns (2325.581MHz) (Tcp)
  Physical resource: rgb_reg<0>/CLK
  Logical resource: rgb_reg_0/CK
  Location pin: SLICE_X8Y23.CLK
  Clock network: clk_BUFGP
--------------------------------------------------------------------------------
Slack: 9.570ns (period - (min high pulse limit / (high pulse / period)))
  Period: 10.000ns
  High pulse: 5.000ns
  High pulse limit: 0.215ns (Trpw)
  Physical resource: rgb_reg<0>/SR
  Logical resource: rgb_reg_0/SR
  Location pin: SLICE_X8Y23.SR
  Clock network: reset_IBUF
--------------------------------------------------------------------------------


All constraints were met.


Data Sheet report:
-----------------
All values displayed in nanoseconds (ns)

Clock to Setup on destination clock clk
---------------+---------+---------+---------+---------+
               | Src:Rise| Src:Fall| Src:Rise| Src:Fall|
Source Clock   |Dest:Rise|Dest:Rise|Dest:Fall|Dest:Fall|
---------------+---------+---------+---------+---------+
clk            |    4.046|         |         |         |
---------------+---------+---------+---------+---------+


Timing summary:
---------------

Timing errors: 0  Score: 0  (Setup/Max: 0, Hold: 0)

Constraints cover 41 paths, 0 nets, and 44 connections

Design statistics:
   Minimum period:   4.046ns{1}   (Maximum frequency: 247.158MHz)


------------------------------------Footnotes-----------------------------------
1)  The minimum period statistic assumes all single cycle delays.

Analysis completed Tue Nov 01 08:05:19 2016 
--------------------------------------------------------------------------------

Trace Settings:
-------------------------
Trace Settings 

Peak Memory Usage: 184 MB



